{"/Users/codeman/design/student_elective_system/app/router.js": {"path":"/Users/codeman/design/student_elective_system/app/router.js","statementMap":{"0":{"start":{"line":6,"column":0},"end":{"line":1844,"column":2}},"1":{"start":{"line":11,"column":6},"end":{"line":11,"column":9}},"2":{"start":{"line":14,"column":2},"end":{"line":14,"column":61}},"3":{"start":{"line":15,"column":2},"end":{"line":87,"column":5}},"4":{"start":{"line":90,"column":2},"end":{"line":90,"column":140}},"5":{"start":{"line":91,"column":2},"end":{"line":121,"column":5}},"6":{"start":{"line":122,"column":2},"end":{"line":122,"column":142}},"7":{"start":{"line":123,"column":2},"end":{"line":176,"column":5}},"8":{"start":{"line":177,"column":2},"end":{"line":177,"column":142}},"9":{"start":{"line":178,"column":2},"end":{"line":216,"column":5}},"10":{"start":{"line":221,"column":2},"end":{"line":221,"column":62}},"11":{"start":{"line":224,"column":2},"end":{"line":224,"column":107}},"12":{"start":{"line":225,"column":2},"end":{"line":274,"column":5}},"13":{"start":{"line":275,"column":2},"end":{"line":275,"column":119}},"14":{"start":{"line":276,"column":2},"end":{"line":312,"column":5}},"15":{"start":{"line":313,"column":2},"end":{"line":313,"column":107}},"16":{"start":{"line":314,"column":2},"end":{"line":371,"column":5}},"17":{"start":{"line":372,"column":2},"end":{"line":372,"column":112}},"18":{"start":{"line":373,"column":2},"end":{"line":430,"column":5}},"19":{"start":{"line":431,"column":2},"end":{"line":431,"column":116}},"20":{"start":{"line":432,"column":2},"end":{"line":477,"column":5}},"21":{"start":{"line":480,"column":2},"end":{"line":480,"column":110}},"22":{"start":{"line":481,"column":2},"end":{"line":530,"column":5}},"23":{"start":{"line":531,"column":2},"end":{"line":531,"column":122}},"24":{"start":{"line":532,"column":2},"end":{"line":568,"column":5}},"25":{"start":{"line":569,"column":2},"end":{"line":569,"column":110}},"26":{"start":{"line":570,"column":2},"end":{"line":631,"column":5}},"27":{"start":{"line":632,"column":2},"end":{"line":632,"column":115}},"28":{"start":{"line":633,"column":2},"end":{"line":694,"column":5}},"29":{"start":{"line":695,"column":2},"end":{"line":695,"column":119}},"30":{"start":{"line":696,"column":2},"end":{"line":741,"column":5}},"31":{"start":{"line":744,"column":2},"end":{"line":744,"column":135}},"32":{"start":{"line":745,"column":2},"end":{"line":806,"column":5}},"33":{"start":{"line":807,"column":2},"end":{"line":807,"column":147}},"34":{"start":{"line":808,"column":2},"end":{"line":844,"column":5}},"35":{"start":{"line":845,"column":2},"end":{"line":845,"column":124}},"36":{"start":{"line":846,"column":2},"end":{"line":915,"column":5}},"37":{"start":{"line":916,"column":2},"end":{"line":916,"column":129}},"38":{"start":{"line":917,"column":2},"end":{"line":986,"column":5}},"39":{"start":{"line":987,"column":2},"end":{"line":987,"column":133}},"40":{"start":{"line":988,"column":2},"end":{"line":1033,"column":5}},"41":{"start":{"line":1036,"column":2},"end":{"line":1036,"column":127}},"42":{"start":{"line":1037,"column":2},"end":{"line":1086,"column":5}},"43":{"start":{"line":1087,"column":2},"end":{"line":1087,"column":139}},"44":{"start":{"line":1088,"column":2},"end":{"line":1124,"column":5}},"45":{"start":{"line":1125,"column":2},"end":{"line":1125,"column":116}},"46":{"start":{"line":1126,"column":2},"end":{"line":1195,"column":5}},"47":{"start":{"line":1196,"column":2},"end":{"line":1196,"column":118}},"48":{"start":{"line":1197,"column":2},"end":{"line":1266,"column":5}},"49":{"start":{"line":1267,"column":2},"end":{"line":1267,"column":125}},"50":{"start":{"line":1268,"column":2},"end":{"line":1313,"column":5}},"51":{"start":{"line":1316,"column":2},"end":{"line":1316,"column":116}},"52":{"start":{"line":1317,"column":2},"end":{"line":1366,"column":5}},"53":{"start":{"line":1367,"column":2},"end":{"line":1367,"column":128}},"54":{"start":{"line":1368,"column":2},"end":{"line":1404,"column":5}},"55":{"start":{"line":1405,"column":2},"end":{"line":1405,"column":116}},"56":{"start":{"line":1406,"column":2},"end":{"line":1479,"column":5}},"57":{"start":{"line":1480,"column":2},"end":{"line":1480,"column":118}},"58":{"start":{"line":1481,"column":2},"end":{"line":1554,"column":5}},"59":{"start":{"line":1555,"column":2},"end":{"line":1555,"column":125}},"60":{"start":{"line":1556,"column":2},"end":{"line":1601,"column":5}},"61":{"start":{"line":1604,"column":2},"end":{"line":1604,"column":157}},"62":{"start":{"line":1605,"column":2},"end":{"line":1678,"column":5}},"63":{"start":{"line":1679,"column":2},"end":{"line":1679,"column":146}},"64":{"start":{"line":1680,"column":2},"end":{"line":1733,"column":5}},"65":{"start":{"line":1734,"column":2},"end":{"line":1734,"column":148}},"66":{"start":{"line":1735,"column":2},"end":{"line":1796,"column":5}},"67":{"start":{"line":1797,"column":2},"end":{"line":1797,"column":147}},"68":{"start":{"line":1798,"column":2},"end":{"line":1843,"column":5}}},"fnMap":{"0":{"name":"(anonymous_0)","decl":{"start":{"line":6,"column":17},"end":{"line":6,"column":18}},"loc":{"start":{"line":6,"column":24},"end":{"line":1844,"column":1}},"line":6}},"branchMap":{},"s":{"0":1,"1":1,"2":1,"3":1,"4":1,"5":1,"6":1,"7":1,"8":1,"9":1,"10":1,"11":1,"12":1,"13":1,"14":1,"15":1,"16":1,"17":1,"18":1,"19":1,"20":1,"21":1,"22":1,"23":1,"24":1,"25":1,"26":1,"27":1,"28":1,"29":1,"30":1,"31":1,"32":1,"33":1,"34":1,"35":1,"36":1,"37":1,"38":1,"39":1,"40":1,"41":1,"42":1,"43":1,"44":1,"45":1,"46":1,"47":1,"48":1,"49":1,"50":1,"51":1,"52":1,"53":1,"54":1,"55":1,"56":1,"57":1,"58":1,"59":1,"60":1,"61":1,"62":1,"63":1,"64":1,"65":1,"66":1,"67":1,"68":1},"f":{"0":1},"b":{},"_coverageSchema":"43e27e138ebf9cfc5966b082cf9a028302ed4184","hash":"b476dab7c480625b9654b7fd0f19779a6598a6c1","contentHash":"56480224d969c4bdd9bb0484d00018d709050a9d35e9a91e34dbc3ef725373f2"}
,"/Users/codeman/design/student_elective_system/app/controller/admin.js": {"path":"/Users/codeman/design/student_elective_system/app/controller/admin.js","statementMap":{"0":{"start":{"line":3,"column":19},"end":{"line":3,"column":44}},"1":{"start":{"line":7,"column":4},"end":{"line":7,"column":30}},"2":{"start":{"line":10,"column":4},"end":{"line":10,"column":28}},"3":{"start":{"line":17,"column":8},"end":{"line":17,"column":12}},"4":{"start":{"line":19,"column":20},"end":{"line":22,"column":5}},"5":{"start":{"line":24,"column":17},"end":{"line":24,"column":62}},"6":{"start":{"line":25,"column":4},"end":{"line":25,"column":45}},"7":{"start":{"line":26,"column":4},"end":{"line":26,"column":43}},"8":{"start":{"line":33,"column":8},"end":{"line":33,"column":12}},"9":{"start":{"line":35,"column":20},"end":{"line":35,"column":38}},"10":{"start":{"line":37,"column":17},"end":{"line":37,"column":68}},"11":{"start":{"line":39,"column":4},"end":{"line":39,"column":45}},"12":{"start":{"line":41,"column":4},"end":{"line":41,"column":43}},"13":{"start":{"line":48,"column":8},"end":{"line":48,"column":12}},"14":{"start":{"line":49,"column":17},"end":{"line":49,"column":33}},"15":{"start":{"line":51,"column":4},"end":{"line":51,"column":51}},"16":{"start":{"line":52,"column":4},"end":{"line":52,"column":34}},"17":{"start":{"line":54,"column":22},"end":{"line":54,"column":78}},"18":{"start":{"line":56,"column":4},"end":{"line":68,"column":5}},"19":{"start":{"line":57,"column":19},"end":{"line":57,"column":57}},"20":{"start":{"line":59,"column":6},"end":{"line":61,"column":7}},"21":{"start":{"line":60,"column":8},"end":{"line":60,"column":77}},"22":{"start":{"line":63,"column":6},"end":{"line":63,"column":47}},"23":{"start":{"line":65,"column":6},"end":{"line":65,"column":45}},"24":{"start":{"line":67,"column":6},"end":{"line":67,"column":100}},"25":{"start":{"line":72,"column":0},"end":{"line":72,"column":33}}},"fnMap":{"0":{"name":"(anonymous_0)","decl":{"start":{"line":14,"column":2},"end":{"line":14,"column":3}},"loc":{"start":{"line":14,"column":14},"end":{"line":27,"column":3}},"line":14},"1":{"name":"(anonymous_1)","decl":{"start":{"line":30,"column":2},"end":{"line":30,"column":3}},"loc":{"start":{"line":30,"column":23},"end":{"line":42,"column":3}},"line":30},"2":{"name":"(anonymous_2)","decl":{"start":{"line":45,"column":2},"end":{"line":45,"column":3}},"loc":{"start":{"line":45,"column":14},"end":{"line":69,"column":3}},"line":45}},"branchMap":{"0":{"loc":{"start":{"line":20,"column":15},"end":{"line":20,"column":45}},"type":"binary-expr","locations":[{"start":{"line":20,"column":15},"end":{"line":20,"column":40}},{"start":{"line":20,"column":44},"end":{"line":20,"column":45}}],"line":20},"1":{"loc":{"start":{"line":21,"column":16},"end":{"line":21,"column":48}},"type":"binary-expr","locations":[{"start":{"line":21,"column":16},"end":{"line":21,"column":42}},{"start":{"line":21,"column":46},"end":{"line":21,"column":48}}],"line":21},"2":{"loc":{"start":{"line":56,"column":4},"end":{"line":68,"column":5}},"type":"if","locations":[{"start":{"line":56,"column":4},"end":{"line":68,"column":5}},{"start":{"line":56,"column":4},"end":{"line":68,"column":5}}],"line":56},"3":{"loc":{"start":{"line":59,"column":6},"end":{"line":61,"column":7}},"type":"if","locations":[{"start":{"line":59,"column":6},"end":{"line":61,"column":7}},{"start":{"line":59,"column":6},"end":{"line":61,"column":7}}],"line":59}},"s":{"0":1,"1":1,"2":1,"3":0,"4":0,"5":0,"6":0,"7":0,"8":0,"9":0,"10":0,"11":0,"12":0,"13":0,"14":0,"15":0,"16":0,"17":0,"18":0,"19":0,"20":0,"21":0,"22":0,"23":0,"24":0,"25":1},"f":{"0":0,"1":0,"2":0},"b":{"0":[0,0],"1":[0,0],"2":[0,0],"3":[0,0]},"_coverageSchema":"43e27e138ebf9cfc5966b082cf9a028302ed4184","hash":"104aa926911b6b7531bb038d8e39d8063ed3e889","contentHash":"aa866e7250c4a02a70aae919ec5bde5f31960a47bba4ba37da742c5dee9ee1ac"}
,"/Users/codeman/design/student_elective_system/app/controller/course.js": {"path":"/Users/codeman/design/student_elective_system/app/controller/course.js","statementMap":{"0":{"start":{"line":3,"column":19},"end":{"line":3,"column":44}},"1":{"start":{"line":7,"column":4},"end":{"line":7,"column":30}},"2":{"start":{"line":10,"column":4},"end":{"line":10,"column":28}},"3":{"start":{"line":17,"column":8},"end":{"line":17,"column":12}},"4":{"start":{"line":19,"column":19},"end":{"line":19,"column":53}},"5":{"start":{"line":21,"column":20},"end":{"line":27,"column":5}},"6":{"start":{"line":29,"column":19},"end":{"line":29,"column":66}},"7":{"start":{"line":30,"column":4},"end":{"line":30,"column":43}},"8":{"start":{"line":37,"column":8},"end":{"line":37,"column":12}},"9":{"start":{"line":39,"column":17},"end":{"line":39,"column":33}},"10":{"start":{"line":40,"column":19},"end":{"line":40,"column":53}},"11":{"start":{"line":41,"column":4},"end":{"line":41,"column":73}},"12":{"start":{"line":43,"column":4},"end":{"line":43,"column":35}},"13":{"start":{"line":45,"column":17},"end":{"line":45,"column":21}},"14":{"start":{"line":47,"column":27},"end":{"line":47,"column":78}},"15":{"start":{"line":48,"column":27},"end":{"line":48,"column":80}},"16":{"start":{"line":50,"column":4},"end":{"line":71,"column":5}},"17":{"start":{"line":51,"column":6},"end":{"line":68,"column":7}},"18":{"start":{"line":52,"column":8},"end":{"line":65,"column":9}},"19":{"start":{"line":53,"column":10},"end":{"line":53,"column":60}},"20":{"start":{"line":54,"column":10},"end":{"line":54,"column":49}},"21":{"start":{"line":55,"column":24},"end":{"line":55,"column":46}},"22":{"start":{"line":56,"column":10},"end":{"line":56,"column":20}},"23":{"start":{"line":57,"column":10},"end":{"line":59,"column":13}},"24":{"start":{"line":60,"column":10},"end":{"line":62,"column":11}},"25":{"start":{"line":61,"column":12},"end":{"line":61,"column":79}},"26":{"start":{"line":64,"column":10},"end":{"line":64,"column":119}},"27":{"start":{"line":67,"column":8},"end":{"line":67,"column":102}},"28":{"start":{"line":70,"column":6},"end":{"line":70,"column":99}},"29":{"start":{"line":78,"column":8},"end":{"line":78,"column":12}},"30":{"start":{"line":80,"column":17},"end":{"line":80,"column":30}},"31":{"start":{"line":81,"column":21},"end":{"line":81,"column":67}},"32":{"start":{"line":83,"column":4},"end":{"line":83,"column":45}},"33":{"start":{"line":90,"column":8},"end":{"line":90,"column":12}},"34":{"start":{"line":91,"column":17},"end":{"line":91,"column":33}},"35":{"start":{"line":92,"column":4},"end":{"line":92,"column":35}},"36":{"start":{"line":94,"column":19},"end":{"line":94,"column":23}},"37":{"start":{"line":95,"column":4},"end":{"line":95,"column":67}},"38":{"start":{"line":97,"column":4},"end":{"line":102,"column":5}},"39":{"start":{"line":98,"column":6},"end":{"line":98,"column":102}},"40":{"start":{"line":100,"column":21},"end":{"line":100,"column":74}},"41":{"start":{"line":101,"column":6},"end":{"line":101,"column":45}},"42":{"start":{"line":109,"column":8},"end":{"line":109,"column":12}},"43":{"start":{"line":110,"column":17},"end":{"line":110,"column":33}},"44":{"start":{"line":112,"column":4},"end":{"line":117,"column":13}},"45":{"start":{"line":119,"column":4},"end":{"line":119,"column":53}},"46":{"start":{"line":121,"column":4},"end":{"line":121,"column":41}},"47":{"start":{"line":125,"column":0},"end":{"line":125,"column":34}}},"fnMap":{"0":{"name":"(anonymous_0)","decl":{"start":{"line":14,"column":2},"end":{"line":14,"column":3}},"loc":{"start":{"line":14,"column":14},"end":{"line":31,"column":3}},"line":14},"1":{"name":"(anonymous_1)","decl":{"start":{"line":34,"column":2},"end":{"line":34,"column":3}},"loc":{"start":{"line":34,"column":14},"end":{"line":72,"column":3}},"line":34},"2":{"name":"(anonymous_2)","decl":{"start":{"line":75,"column":2},"end":{"line":75,"column":3}},"loc":{"start":{"line":75,"column":18},"end":{"line":84,"column":3}},"line":75},"3":{"name":"(anonymous_3)","decl":{"start":{"line":87,"column":2},"end":{"line":87,"column":3}},"loc":{"start":{"line":87,"column":17},"end":{"line":103,"column":3}},"line":87},"4":{"name":"(anonymous_4)","decl":{"start":{"line":106,"column":2},"end":{"line":106,"column":3}},"loc":{"start":{"line":106,"column":18},"end":{"line":122,"column":3}},"line":106}},"branchMap":{"0":{"loc":{"start":{"line":22,"column":15},"end":{"line":22,"column":45}},"type":"binary-expr","locations":[{"start":{"line":22,"column":15},"end":{"line":22,"column":40}},{"start":{"line":22,"column":44},"end":{"line":22,"column":45}}],"line":22},"1":{"loc":{"start":{"line":23,"column":16},"end":{"line":23,"column":48}},"type":"binary-expr","locations":[{"start":{"line":23,"column":16},"end":{"line":23,"column":42}},{"start":{"line":23,"column":46},"end":{"line":23,"column":48}}],"line":23},"2":{"loc":{"start":{"line":24,"column":12},"end":{"line":24,"column":58}},"type":"cond-expr","locations":[{"start":{"line":24,"column":29},"end":{"line":24,"column":53}},{"start":{"line":24,"column":56},"end":{"line":24,"column":58}}],"line":24},"3":{"loc":{"start":{"line":25,"column":12},"end":{"line":25,"column":59}},"type":"cond-expr","locations":[{"start":{"line":25,"column":40},"end":{"line":25,"column":54}},{"start":{"line":25,"column":57},"end":{"line":25,"column":59}}],"line":25},"4":{"loc":{"start":{"line":26,"column":14},"end":{"line":26,"column":99}},"type":"cond-expr","locations":[{"start":{"line":26,"column":34},"end":{"line":26,"column":93}},{"start":{"line":26,"column":97},"end":{"line":26,"column":99}}],"line":26},"5":{"loc":{"start":{"line":26,"column":34},"end":{"line":26,"column":93}},"type":"cond-expr","locations":[{"start":{"line":26,"column":62},"end":{"line":26,"column":88}},{"start":{"line":26,"column":91},"end":{"line":26,"column":93}}],"line":26},"6":{"loc":{"start":{"line":41,"column":4},"end":{"line":41,"column":72}},"type":"cond-expr","locations":[{"start":{"line":41,"column":32},"end":{"line":41,"column":58}},{"start":{"line":41,"column":61},"end":{"line":41,"column":72}}],"line":41},"7":{"loc":{"start":{"line":50,"column":4},"end":{"line":71,"column":5}},"type":"if","locations":[{"start":{"line":50,"column":4},"end":{"line":71,"column":5}},{"start":{"line":50,"column":4},"end":{"line":71,"column":5}}],"line":50},"8":{"loc":{"start":{"line":51,"column":6},"end":{"line":68,"column":7}},"type":"if","locations":[{"start":{"line":51,"column":6},"end":{"line":68,"column":7}},{"start":{"line":51,"column":6},"end":{"line":68,"column":7}}],"line":51},"9":{"loc":{"start":{"line":52,"column":8},"end":{"line":65,"column":9}},"type":"if","locations":[{"start":{"line":52,"column":8},"end":{"line":65,"column":9}},{"start":{"line":52,"column":8},"end":{"line":65,"column":9}}],"line":52},"10":{"loc":{"start":{"line":60,"column":10},"end":{"line":62,"column":11}},"type":"if","locations":[{"start":{"line":60,"column":10},"end":{"line":62,"column":11}},{"start":{"line":60,"column":10},"end":{"line":62,"column":11}}],"line":60},"11":{"loc":{"start":{"line":97,"column":4},"end":{"line":102,"column":5}},"type":"if","locations":[{"start":{"line":97,"column":4},"end":{"line":102,"column":5}},{"start":{"line":97,"column":4},"end":{"line":102,"column":5}}],"line":97}},"s":{"0":1,"1":1,"2":1,"3":1,"4":1,"5":1,"6":1,"7":1,"8":1,"9":1,"10":1,"11":1,"12":1,"13":1,"14":1,"15":1,"16":1,"17":0,"18":0,"19":0,"20":0,"21":0,"22":0,"23":0,"24":0,"25":0,"26":0,"27":0,"28":1,"29":1,"30":1,"31":1,"32":1,"33":0,"34":0,"35":0,"36":0,"37":0,"38":0,"39":0,"40":0,"41":0,"42":0,"43":0,"44":0,"45":0,"46":0,"47":1},"f":{"0":1,"1":1,"2":1,"3":0,"4":0},"b":{"0":[1,1],"1":[1,1],"2":[0,1],"3":[0,1],"4":[0,1],"5":[0,0],"6":[0,1],"7":[0,1],"8":[0,0],"9":[0,0],"10":[0,0],"11":[0,0]},"_coverageSchema":"43e27e138ebf9cfc5966b082cf9a028302ed4184","hash":"965f5268989627ed54bcb8493a4a090e81c62ace","contentHash":"c00c9321d2ef09b41667ce8465b606632c9c20bb9badcdef4fd4bcabd9aa2a1d"}
,"/Users/codeman/design/student_elective_system/app/controller/dept.js": {"path":"/Users/codeman/design/student_elective_system/app/controller/dept.js","statementMap":{"0":{"start":{"line":3,"column":19},"end":{"line":3,"column":44}},"1":{"start":{"line":7,"column":4},"end":{"line":7,"column":30}},"2":{"start":{"line":10,"column":4},"end":{"line":10,"column":28}},"3":{"start":{"line":17,"column":8},"end":{"line":17,"column":12}},"4":{"start":{"line":19,"column":20},"end":{"line":23,"column":5}},"5":{"start":{"line":25,"column":19},"end":{"line":25,"column":62}},"6":{"start":{"line":26,"column":4},"end":{"line":26,"column":43}},"7":{"start":{"line":33,"column":8},"end":{"line":33,"column":12}},"8":{"start":{"line":35,"column":17},"end":{"line":35,"column":33}},"9":{"start":{"line":36,"column":4},"end":{"line":36,"column":33}},"10":{"start":{"line":38,"column":22},"end":{"line":38,"column":69}},"11":{"start":{"line":39,"column":4},"end":{"line":49,"column":5}},"12":{"start":{"line":40,"column":21},"end":{"line":40,"column":57}},"13":{"start":{"line":42,"column":6},"end":{"line":44,"column":7}},"14":{"start":{"line":43,"column":8},"end":{"line":43,"column":75}},"15":{"start":{"line":46,"column":6},"end":{"line":46,"column":45}},"16":{"start":{"line":48,"column":6},"end":{"line":48,"column":98}},"17":{"start":{"line":56,"column":8},"end":{"line":56,"column":12}},"18":{"start":{"line":57,"column":17},"end":{"line":57,"column":33}},"19":{"start":{"line":59,"column":19},"end":{"line":59,"column":23}},"20":{"start":{"line":61,"column":4},"end":{"line":61,"column":33}},"21":{"start":{"line":63,"column":4},"end":{"line":63,"column":63}},"22":{"start":{"line":65,"column":4},"end":{"line":71,"column":5}},"23":{"start":{"line":66,"column":6},"end":{"line":66,"column":102}},"24":{"start":{"line":68,"column":21},"end":{"line":68,"column":70}},"25":{"start":{"line":70,"column":6},"end":{"line":70,"column":45}},"26":{"start":{"line":78,"column":8},"end":{"line":78,"column":12}},"27":{"start":{"line":80,"column":17},"end":{"line":80,"column":30}},"28":{"start":{"line":81,"column":21},"end":{"line":81,"column":63}},"29":{"start":{"line":83,"column":4},"end":{"line":83,"column":45}},"30":{"start":{"line":90,"column":8},"end":{"line":90,"column":12}},"31":{"start":{"line":91,"column":17},"end":{"line":91,"column":33}},"32":{"start":{"line":93,"column":4},"end":{"line":98,"column":13}},"33":{"start":{"line":100,"column":4},"end":{"line":100,"column":49}},"34":{"start":{"line":102,"column":4},"end":{"line":102,"column":41}},"35":{"start":{"line":107,"column":0},"end":{"line":107,"column":32}}},"fnMap":{"0":{"name":"(anonymous_0)","decl":{"start":{"line":14,"column":2},"end":{"line":14,"column":3}},"loc":{"start":{"line":14,"column":14},"end":{"line":27,"column":3}},"line":14},"1":{"name":"(anonymous_1)","decl":{"start":{"line":30,"column":2},"end":{"line":30,"column":3}},"loc":{"start":{"line":30,"column":14},"end":{"line":50,"column":3}},"line":30},"2":{"name":"(anonymous_2)","decl":{"start":{"line":53,"column":2},"end":{"line":53,"column":3}},"loc":{"start":{"line":53,"column":17},"end":{"line":72,"column":3}},"line":53},"3":{"name":"(anonymous_3)","decl":{"start":{"line":75,"column":2},"end":{"line":75,"column":3}},"loc":{"start":{"line":75,"column":18},"end":{"line":84,"column":3}},"line":75},"4":{"name":"(anonymous_4)","decl":{"start":{"line":87,"column":2},"end":{"line":87,"column":3}},"loc":{"start":{"line":87,"column":18},"end":{"line":103,"column":3}},"line":87}},"branchMap":{"0":{"loc":{"start":{"line":20,"column":15},"end":{"line":20,"column":45}},"type":"binary-expr","locations":[{"start":{"line":20,"column":15},"end":{"line":20,"column":40}},{"start":{"line":20,"column":44},"end":{"line":20,"column":45}}],"line":20},"1":{"loc":{"start":{"line":21,"column":16},"end":{"line":21,"column":48}},"type":"binary-expr","locations":[{"start":{"line":21,"column":16},"end":{"line":21,"column":42}},{"start":{"line":21,"column":46},"end":{"line":21,"column":48}}],"line":21},"2":{"loc":{"start":{"line":22,"column":12},"end":{"line":22,"column":58}},"type":"cond-expr","locations":[{"start":{"line":22,"column":29},"end":{"line":22,"column":53}},{"start":{"line":22,"column":56},"end":{"line":22,"column":58}}],"line":22},"3":{"loc":{"start":{"line":39,"column":4},"end":{"line":49,"column":5}},"type":"if","locations":[{"start":{"line":39,"column":4},"end":{"line":49,"column":5}},{"start":{"line":39,"column":4},"end":{"line":49,"column":5}}],"line":39},"4":{"loc":{"start":{"line":42,"column":6},"end":{"line":44,"column":7}},"type":"if","locations":[{"start":{"line":42,"column":6},"end":{"line":44,"column":7}},{"start":{"line":42,"column":6},"end":{"line":44,"column":7}}],"line":42},"5":{"loc":{"start":{"line":65,"column":4},"end":{"line":71,"column":5}},"type":"if","locations":[{"start":{"line":65,"column":4},"end":{"line":71,"column":5}},{"start":{"line":65,"column":4},"end":{"line":71,"column":5}}],"line":65}},"s":{"0":1,"1":1,"2":1,"3":1,"4":1,"5":1,"6":1,"7":1,"8":1,"9":1,"10":1,"11":1,"12":0,"13":0,"14":0,"15":0,"16":1,"17":0,"18":0,"19":0,"20":0,"21":0,"22":0,"23":0,"24":0,"25":0,"26":1,"27":1,"28":1,"29":1,"30":0,"31":0,"32":0,"33":0,"34":0,"35":1},"f":{"0":1,"1":1,"2":0,"3":1,"4":0},"b":{"0":[1,1],"1":[1,1],"2":[0,1],"3":[0,1],"4":[0,0],"5":[0,0]},"_coverageSchema":"43e27e138ebf9cfc5966b082cf9a028302ed4184","hash":"c858b85c2953b69d1ed3fc753e2f2631a58a6dfe","contentHash":"5e317abfec121fe1c2f56fc22f2316bbe1d0cf47732d1d8253c041d6cc0620c1"}
,"/Users/codeman/design/student_elective_system/app/controller/login.js": {"path":"/Users/codeman/design/student_elective_system/app/controller/login.js","statementMap":{"0":{"start":{"line":3,"column":19},"end":{"line":3,"column":44}},"1":{"start":{"line":7,"column":4},"end":{"line":7,"column":30}},"2":{"start":{"line":10,"column":4},"end":{"line":10,"column":28}},"3":{"start":{"line":11,"column":10},"end":{"line":11,"column":27}},"4":{"start":{"line":17,"column":8},"end":{"line":17,"column":12}},"5":{"start":{"line":18,"column":17},"end":{"line":18,"column":33}},"6":{"start":{"line":19,"column":21},"end":{"line":19,"column":25}},"7":{"start":{"line":20,"column":19},"end":{"line":20,"column":24}},"8":{"start":{"line":22,"column":4},"end":{"line":22,"column":34}},"9":{"start":{"line":23,"column":16},"end":{"line":23,"column":18}},"10":{"start":{"line":24,"column":20},"end":{"line":28,"column":5}},"11":{"start":{"line":29,"column":24},"end":{"line":29,"column":28}},"12":{"start":{"line":30,"column":4},"end":{"line":30,"column":49}},"13":{"start":{"line":32,"column":4},"end":{"line":95,"column":5}},"14":{"start":{"line":34,"column":8},"end":{"line":34,"column":78}},"15":{"start":{"line":36,"column":8},"end":{"line":36,"column":65}},"16":{"start":{"line":37,"column":8},"end":{"line":37,"column":47}},"17":{"start":{"line":39,"column":8},"end":{"line":51,"column":9}},"18":{"start":{"line":40,"column":10},"end":{"line":40,"column":76}},"19":{"start":{"line":41,"column":10},"end":{"line":41,"column":98}},"20":{"start":{"line":42,"column":10},"end":{"line":50,"column":11}},"21":{"start":{"line":43,"column":12},"end":{"line":43,"column":69}},"22":{"start":{"line":45,"column":12},"end":{"line":49,"column":68}},"23":{"start":{"line":52,"column":8},"end":{"line":52,"column":14}},"24":{"start":{"line":54,"column":8},"end":{"line":54,"column":78}},"25":{"start":{"line":56,"column":8},"end":{"line":56,"column":65}},"26":{"start":{"line":57,"column":8},"end":{"line":57,"column":47}},"27":{"start":{"line":59,"column":8},"end":{"line":70,"column":9}},"28":{"start":{"line":60,"column":10},"end":{"line":60,"column":76}},"29":{"start":{"line":61,"column":10},"end":{"line":69,"column":11}},"30":{"start":{"line":62,"column":12},"end":{"line":62,"column":73}},"31":{"start":{"line":64,"column":12},"end":{"line":68,"column":65}},"32":{"start":{"line":71,"column":8},"end":{"line":71,"column":14}},"33":{"start":{"line":73,"column":8},"end":{"line":73,"column":78}},"34":{"start":{"line":75,"column":8},"end":{"line":75,"column":65}},"35":{"start":{"line":76,"column":8},"end":{"line":76,"column":47}},"36":{"start":{"line":78,"column":8},"end":{"line":90,"column":9}},"37":{"start":{"line":79,"column":10},"end":{"line":79,"column":76}},"38":{"start":{"line":80,"column":10},"end":{"line":80,"column":98}},"39":{"start":{"line":81,"column":10},"end":{"line":89,"column":11}},"40":{"start":{"line":82,"column":12},"end":{"line":82,"column":73}},"41":{"start":{"line":84,"column":12},"end":{"line":88,"column":65}},"42":{"start":{"line":91,"column":8},"end":{"line":91,"column":14}},"43":{"start":{"line":93,"column":8},"end":{"line":93,"column":102}},"44":{"start":{"line":94,"column":8},"end":{"line":94,"column":14}},"45":{"start":{"line":97,"column":4},"end":{"line":99,"column":5}},"46":{"start":{"line":98,"column":6},"end":{"line":98,"column":106}},"47":{"start":{"line":101,"column":4},"end":{"line":103,"column":5}},"48":{"start":{"line":102,"column":6},"end":{"line":102,"column":103}},"49":{"start":{"line":107,"column":0},"end":{"line":107,"column":33}}},"fnMap":{"0":{"name":"(anonymous_0)","decl":{"start":{"line":14,"column":2},"end":{"line":14,"column":3}},"loc":{"start":{"line":14,"column":16},"end":{"line":104,"column":3}},"line":14}},"branchMap":{"0":{"loc":{"start":{"line":32,"column":4},"end":{"line":95,"column":5}},"type":"switch","locations":[{"start":{"line":33,"column":6},"end":{"line":52,"column":14}},{"start":{"line":53,"column":6},"end":{"line":71,"column":14}},{"start":{"line":72,"column":6},"end":{"line":91,"column":14}},{"start":{"line":92,"column":6},"end":{"line":94,"column":14}}],"line":32},"1":{"loc":{"start":{"line":39,"column":8},"end":{"line":51,"column":9}},"type":"if","locations":[{"start":{"line":39,"column":8},"end":{"line":51,"column":9}},{"start":{"line":39,"column":8},"end":{"line":51,"column":9}}],"line":39},"2":{"loc":{"start":{"line":42,"column":10},"end":{"line":50,"column":11}},"type":"if","locations":[{"start":{"line":42,"column":10},"end":{"line":50,"column":11}},{"start":{"line":42,"column":10},"end":{"line":50,"column":11}}],"line":42},"3":{"loc":{"start":{"line":59,"column":8},"end":{"line":70,"column":9}},"type":"if","locations":[{"start":{"line":59,"column":8},"end":{"line":70,"column":9}},{"start":{"line":59,"column":8},"end":{"line":70,"column":9}}],"line":59},"4":{"loc":{"start":{"line":61,"column":10},"end":{"line":69,"column":11}},"type":"if","locations":[{"start":{"line":61,"column":10},"end":{"line":69,"column":11}},{"start":{"line":61,"column":10},"end":{"line":69,"column":11}}],"line":61},"5":{"loc":{"start":{"line":78,"column":8},"end":{"line":90,"column":9}},"type":"if","locations":[{"start":{"line":78,"column":8},"end":{"line":90,"column":9}},{"start":{"line":78,"column":8},"end":{"line":90,"column":9}}],"line":78},"6":{"loc":{"start":{"line":81,"column":10},"end":{"line":89,"column":11}},"type":"if","locations":[{"start":{"line":81,"column":10},"end":{"line":89,"column":11}},{"start":{"line":81,"column":10},"end":{"line":89,"column":11}}],"line":81},"7":{"loc":{"start":{"line":97,"column":4},"end":{"line":99,"column":5}},"type":"if","locations":[{"start":{"line":97,"column":4},"end":{"line":99,"column":5}},{"start":{"line":97,"column":4},"end":{"line":99,"column":5}}],"line":97},"8":{"loc":{"start":{"line":101,"column":4},"end":{"line":103,"column":5}},"type":"if","locations":[{"start":{"line":101,"column":4},"end":{"line":103,"column":5}},{"start":{"line":101,"column":4},"end":{"line":103,"column":5}}],"line":101}},"s":{"0":1,"1":1,"2":1,"3":1,"4":0,"5":0,"6":0,"7":0,"8":0,"9":0,"10":0,"11":0,"12":0,"13":0,"14":0,"15":0,"16":0,"17":0,"18":0,"19":0,"20":0,"21":0,"22":0,"23":0,"24":0,"25":0,"26":0,"27":0,"28":0,"29":0,"30":0,"31":0,"32":0,"33":0,"34":0,"35":0,"36":0,"37":0,"38":0,"39":0,"40":0,"41":0,"42":0,"43":0,"44":0,"45":0,"46":0,"47":0,"48":0,"49":1},"f":{"0":0},"b":{"0":[0,0,0,0],"1":[0,0],"2":[0,0],"3":[0,0],"4":[0,0],"5":[0,0],"6":[0,0],"7":[0,0],"8":[0,0]},"_coverageSchema":"43e27e138ebf9cfc5966b082cf9a028302ed4184","hash":"cc17d238776727c9d99c263b719188d08788be7c","contentHash":"6f7be26cbf2fc481b804a36540c8d4f8619f1dab6db02cddbea3a5bd407cef6b"}
,"/Users/codeman/design/student_elective_system/app/controller/major.js": {"path":"/Users/codeman/design/student_elective_system/app/controller/major.js","statementMap":{"0":{"start":{"line":3,"column":19},"end":{"line":3,"column":44}},"1":{"start":{"line":7,"column":4},"end":{"line":7,"column":30}},"2":{"start":{"line":10,"column":4},"end":{"line":10,"column":28}},"3":{"start":{"line":11,"column":10},"end":{"line":11,"column":27}},"4":{"start":{"line":18,"column":8},"end":{"line":18,"column":12}},"5":{"start":{"line":20,"column":20},"end":{"line":24,"column":5}},"6":{"start":{"line":26,"column":19},"end":{"line":26,"column":64}},"7":{"start":{"line":27,"column":4},"end":{"line":27,"column":43}},"8":{"start":{"line":34,"column":8},"end":{"line":34,"column":12}},"9":{"start":{"line":35,"column":17},"end":{"line":35,"column":33}},"10":{"start":{"line":37,"column":4},"end":{"line":37,"column":34}},"11":{"start":{"line":39,"column":17},"end":{"line":39,"column":21}},"12":{"start":{"line":41,"column":27},"end":{"line":41,"column":74}},"13":{"start":{"line":42,"column":27},"end":{"line":42,"column":76}},"14":{"start":{"line":44,"column":4},"end":{"line":57,"column":5}},"15":{"start":{"line":45,"column":6},"end":{"line":54,"column":7}},"16":{"start":{"line":46,"column":8},"end":{"line":46,"column":56}},"17":{"start":{"line":47,"column":8},"end":{"line":47,"column":47}},"18":{"start":{"line":49,"column":8},"end":{"line":51,"column":9}},"19":{"start":{"line":50,"column":10},"end":{"line":50,"column":77}},"20":{"start":{"line":53,"column":8},"end":{"line":53,"column":102}},"21":{"start":{"line":56,"column":6},"end":{"line":56,"column":99}},"22":{"start":{"line":64,"column":8},"end":{"line":64,"column":12}},"23":{"start":{"line":66,"column":17},"end":{"line":66,"column":30}},"24":{"start":{"line":67,"column":21},"end":{"line":67,"column":65}},"25":{"start":{"line":69,"column":4},"end":{"line":69,"column":45}},"26":{"start":{"line":76,"column":8},"end":{"line":76,"column":12}},"27":{"start":{"line":77,"column":17},"end":{"line":77,"column":33}},"28":{"start":{"line":79,"column":19},"end":{"line":79,"column":68}},"29":{"start":{"line":81,"column":4},"end":{"line":94,"column":5}},"30":{"start":{"line":82,"column":6},"end":{"line":82,"column":102}},"31":{"start":{"line":84,"column":6},"end":{"line":84,"column":65}},"32":{"start":{"line":86,"column":6},"end":{"line":93,"column":7}},"33":{"start":{"line":87,"column":22},"end":{"line":87,"column":26}},"34":{"start":{"line":88,"column":8},"end":{"line":88,"column":42}},"35":{"start":{"line":89,"column":23},"end":{"line":89,"column":77}},"36":{"start":{"line":90,"column":8},"end":{"line":90,"column":47}},"37":{"start":{"line":92,"column":8},"end":{"line":92,"column":104}},"38":{"start":{"line":101,"column":8},"end":{"line":101,"column":12}},"39":{"start":{"line":102,"column":17},"end":{"line":102,"column":33}},"40":{"start":{"line":104,"column":4},"end":{"line":109,"column":13}},"41":{"start":{"line":111,"column":4},"end":{"line":111,"column":51}},"42":{"start":{"line":113,"column":4},"end":{"line":113,"column":41}},"43":{"start":{"line":117,"column":0},"end":{"line":117,"column":33}}},"fnMap":{"0":{"name":"(anonymous_0)","decl":{"start":{"line":15,"column":2},"end":{"line":15,"column":3}},"loc":{"start":{"line":15,"column":14},"end":{"line":28,"column":3}},"line":15},"1":{"name":"(anonymous_1)","decl":{"start":{"line":31,"column":2},"end":{"line":31,"column":3}},"loc":{"start":{"line":31,"column":14},"end":{"line":58,"column":3}},"line":31},"2":{"name":"(anonymous_2)","decl":{"start":{"line":61,"column":2},"end":{"line":61,"column":3}},"loc":{"start":{"line":61,"column":18},"end":{"line":70,"column":3}},"line":61},"3":{"name":"(anonymous_3)","decl":{"start":{"line":73,"column":2},"end":{"line":73,"column":3}},"loc":{"start":{"line":73,"column":17},"end":{"line":95,"column":3}},"line":73},"4":{"name":"(anonymous_4)","decl":{"start":{"line":98,"column":2},"end":{"line":98,"column":3}},"loc":{"start":{"line":98,"column":18},"end":{"line":114,"column":3}},"line":98}},"branchMap":{"0":{"loc":{"start":{"line":21,"column":15},"end":{"line":21,"column":45}},"type":"binary-expr","locations":[{"start":{"line":21,"column":15},"end":{"line":21,"column":40}},{"start":{"line":21,"column":44},"end":{"line":21,"column":45}}],"line":21},"1":{"loc":{"start":{"line":22,"column":16},"end":{"line":22,"column":48}},"type":"binary-expr","locations":[{"start":{"line":22,"column":16},"end":{"line":22,"column":42}},{"start":{"line":22,"column":46},"end":{"line":22,"column":48}}],"line":22},"2":{"loc":{"start":{"line":23,"column":12},"end":{"line":23,"column":58}},"type":"cond-expr","locations":[{"start":{"line":23,"column":29},"end":{"line":23,"column":53}},{"start":{"line":23,"column":56},"end":{"line":23,"column":58}}],"line":23},"3":{"loc":{"start":{"line":44,"column":4},"end":{"line":57,"column":5}},"type":"if","locations":[{"start":{"line":44,"column":4},"end":{"line":57,"column":5}},{"start":{"line":44,"column":4},"end":{"line":57,"column":5}}],"line":44},"4":{"loc":{"start":{"line":45,"column":6},"end":{"line":54,"column":7}},"type":"if","locations":[{"start":{"line":45,"column":6},"end":{"line":54,"column":7}},{"start":{"line":45,"column":6},"end":{"line":54,"column":7}}],"line":45},"5":{"loc":{"start":{"line":49,"column":8},"end":{"line":51,"column":9}},"type":"if","locations":[{"start":{"line":49,"column":8},"end":{"line":51,"column":9}},{"start":{"line":49,"column":8},"end":{"line":51,"column":9}}],"line":49},"6":{"loc":{"start":{"line":81,"column":4},"end":{"line":94,"column":5}},"type":"if","locations":[{"start":{"line":81,"column":4},"end":{"line":94,"column":5}},{"start":{"line":81,"column":4},"end":{"line":94,"column":5}}],"line":81},"7":{"loc":{"start":{"line":86,"column":6},"end":{"line":93,"column":7}},"type":"if","locations":[{"start":{"line":86,"column":6},"end":{"line":93,"column":7}},{"start":{"line":86,"column":6},"end":{"line":93,"column":7}}],"line":86}},"s":{"0":1,"1":1,"2":1,"3":1,"4":1,"5":1,"6":1,"7":1,"8":1,"9":1,"10":1,"11":1,"12":1,"13":1,"14":1,"15":0,"16":0,"17":0,"18":0,"19":0,"20":0,"21":1,"22":1,"23":1,"24":1,"25":1,"26":0,"27":0,"28":0,"29":0,"30":0,"31":0,"32":0,"33":0,"34":0,"35":0,"36":0,"37":0,"38":0,"39":0,"40":0,"41":0,"42":0,"43":1},"f":{"0":1,"1":1,"2":1,"3":0,"4":0},"b":{"0":[1,1],"1":[1,1],"2":[0,1],"3":[0,1],"4":[0,0],"5":[0,0],"6":[0,0],"7":[0,0]},"_coverageSchema":"43e27e138ebf9cfc5966b082cf9a028302ed4184","hash":"1cd97f5bd9ef9cf7e9e696aa0c76edc1f3e30e83","contentHash":"6a5a24bec43f1b2ca2d06095848ea58e1cd7c60a13341bf7f65a4f5401f7abd6"}
,"/Users/codeman/design/student_elective_system/app/controller/student.js": {"path":"/Users/codeman/design/student_elective_system/app/controller/student.js","statementMap":{"0":{"start":{"line":3,"column":19},"end":{"line":3,"column":44}},"1":{"start":{"line":7,"column":4},"end":{"line":7,"column":30}},"2":{"start":{"line":10,"column":4},"end":{"line":10,"column":28}},"3":{"start":{"line":17,"column":8},"end":{"line":17,"column":12}},"4":{"start":{"line":19,"column":20},"end":{"line":23,"column":5}},"5":{"start":{"line":25,"column":19},"end":{"line":25,"column":68}},"6":{"start":{"line":26,"column":4},"end":{"line":26,"column":43}},"7":{"start":{"line":33,"column":8},"end":{"line":33,"column":12}},"8":{"start":{"line":34,"column":17},"end":{"line":34,"column":33}},"9":{"start":{"line":36,"column":4},"end":{"line":36,"column":64}},"10":{"start":{"line":37,"column":4},"end":{"line":37,"column":36}},"11":{"start":{"line":39,"column":17},"end":{"line":39,"column":21}},"12":{"start":{"line":41,"column":27},"end":{"line":41,"column":80}},"13":{"start":{"line":42,"column":27},"end":{"line":42,"column":76}},"14":{"start":{"line":44,"column":4},"end":{"line":59,"column":5}},"15":{"start":{"line":45,"column":6},"end":{"line":56,"column":7}},"16":{"start":{"line":46,"column":8},"end":{"line":46,"column":60}},"17":{"start":{"line":47,"column":8},"end":{"line":47,"column":49}},"18":{"start":{"line":49,"column":8},"end":{"line":49,"column":47}},"19":{"start":{"line":51,"column":8},"end":{"line":53,"column":9}},"20":{"start":{"line":52,"column":10},"end":{"line":52,"column":77}},"21":{"start":{"line":55,"column":8},"end":{"line":55,"column":102}},"22":{"start":{"line":58,"column":6},"end":{"line":58,"column":97}},"23":{"start":{"line":66,"column":8},"end":{"line":66,"column":12}},"24":{"start":{"line":68,"column":17},"end":{"line":68,"column":30}},"25":{"start":{"line":69,"column":19},"end":{"line":69,"column":67}},"26":{"start":{"line":70,"column":4},"end":{"line":70,"column":49}},"27":{"start":{"line":72,"column":4},"end":{"line":72,"column":45}},"28":{"start":{"line":78,"column":8},"end":{"line":78,"column":12}},"29":{"start":{"line":79,"column":17},"end":{"line":79,"column":33}},"30":{"start":{"line":80,"column":4},"end":{"line":80,"column":36}},"31":{"start":{"line":82,"column":22},"end":{"line":82,"column":75}},"32":{"start":{"line":83,"column":4},"end":{"line":97,"column":5}},"33":{"start":{"line":84,"column":6},"end":{"line":94,"column":7}},"34":{"start":{"line":85,"column":24},"end":{"line":85,"column":26}},"35":{"start":{"line":86,"column":8},"end":{"line":86,"column":37}},"36":{"start":{"line":87,"column":8},"end":{"line":87,"column":35}},"37":{"start":{"line":88,"column":8},"end":{"line":88,"column":31}},"38":{"start":{"line":90,"column":8},"end":{"line":90,"column":68}},"39":{"start":{"line":91,"column":8},"end":{"line":91,"column":45}},"40":{"start":{"line":93,"column":8},"end":{"line":93,"column":121}},"41":{"start":{"line":96,"column":6},"end":{"line":96,"column":98}},"42":{"start":{"line":104,"column":8},"end":{"line":104,"column":12}},"43":{"start":{"line":105,"column":17},"end":{"line":105,"column":33}},"44":{"start":{"line":107,"column":4},"end":{"line":112,"column":13}},"45":{"start":{"line":114,"column":4},"end":{"line":114,"column":55}},"46":{"start":{"line":116,"column":4},"end":{"line":116,"column":41}},"47":{"start":{"line":120,"column":0},"end":{"line":120,"column":35}}},"fnMap":{"0":{"name":"(anonymous_0)","decl":{"start":{"line":14,"column":2},"end":{"line":14,"column":3}},"loc":{"start":{"line":14,"column":14},"end":{"line":27,"column":3}},"line":14},"1":{"name":"(anonymous_1)","decl":{"start":{"line":30,"column":2},"end":{"line":30,"column":3}},"loc":{"start":{"line":30,"column":14},"end":{"line":60,"column":3}},"line":30},"2":{"name":"(anonymous_2)","decl":{"start":{"line":63,"column":2},"end":{"line":63,"column":3}},"loc":{"start":{"line":63,"column":18},"end":{"line":73,"column":3}},"line":63},"3":{"name":"(anonymous_3)","decl":{"start":{"line":75,"column":2},"end":{"line":75,"column":3}},"loc":{"start":{"line":75,"column":17},"end":{"line":98,"column":3}},"line":75},"4":{"name":"(anonymous_4)","decl":{"start":{"line":101,"column":2},"end":{"line":101,"column":3}},"loc":{"start":{"line":101,"column":18},"end":{"line":117,"column":3}},"line":101}},"branchMap":{"0":{"loc":{"start":{"line":20,"column":15},"end":{"line":20,"column":45}},"type":"binary-expr","locations":[{"start":{"line":20,"column":15},"end":{"line":20,"column":40}},{"start":{"line":20,"column":44},"end":{"line":20,"column":45}}],"line":20},"1":{"loc":{"start":{"line":21,"column":16},"end":{"line":21,"column":48}},"type":"binary-expr","locations":[{"start":{"line":21,"column":16},"end":{"line":21,"column":42}},{"start":{"line":21,"column":46},"end":{"line":21,"column":48}}],"line":21},"2":{"loc":{"start":{"line":22,"column":12},"end":{"line":22,"column":58}},"type":"cond-expr","locations":[{"start":{"line":22,"column":29},"end":{"line":22,"column":53}},{"start":{"line":22,"column":56},"end":{"line":22,"column":58}}],"line":22},"3":{"loc":{"start":{"line":36,"column":41},"end":{"line":36,"column":62}},"type":"binary-expr","locations":[{"start":{"line":36,"column":41},"end":{"line":36,"column":49}},{"start":{"line":36,"column":53},"end":{"line":36,"column":62}}],"line":36},"4":{"loc":{"start":{"line":44,"column":4},"end":{"line":59,"column":5}},"type":"if","locations":[{"start":{"line":44,"column":4},"end":{"line":59,"column":5}},{"start":{"line":44,"column":4},"end":{"line":59,"column":5}}],"line":44},"5":{"loc":{"start":{"line":45,"column":6},"end":{"line":56,"column":7}},"type":"if","locations":[{"start":{"line":45,"column":6},"end":{"line":56,"column":7}},{"start":{"line":45,"column":6},"end":{"line":56,"column":7}}],"line":45},"6":{"loc":{"start":{"line":51,"column":8},"end":{"line":53,"column":9}},"type":"if","locations":[{"start":{"line":51,"column":8},"end":{"line":53,"column":9}},{"start":{"line":51,"column":8},"end":{"line":53,"column":9}}],"line":51},"7":{"loc":{"start":{"line":83,"column":4},"end":{"line":97,"column":5}},"type":"if","locations":[{"start":{"line":83,"column":4},"end":{"line":97,"column":5}},{"start":{"line":83,"column":4},"end":{"line":97,"column":5}}],"line":83},"8":{"loc":{"start":{"line":84,"column":6},"end":{"line":94,"column":7}},"type":"if","locations":[{"start":{"line":84,"column":6},"end":{"line":94,"column":7}},{"start":{"line":84,"column":6},"end":{"line":94,"column":7}}],"line":84},"9":{"loc":{"start":{"line":84,"column":10},"end":{"line":84,"column":70}},"type":"binary-expr","locations":[{"start":{"line":84,"column":10},"end":{"line":84,"column":38}},{"start":{"line":84,"column":42},"end":{"line":84,"column":70}}],"line":84}},"s":{"0":1,"1":1,"2":1,"3":1,"4":1,"5":1,"6":1,"7":1,"8":1,"9":1,"10":1,"11":1,"12":1,"13":1,"14":1,"15":0,"16":0,"17":0,"18":0,"19":0,"20":0,"21":0,"22":1,"23":1,"24":1,"25":1,"26":1,"27":1,"28":0,"29":0,"30":0,"31":0,"32":0,"33":0,"34":0,"35":0,"36":0,"37":0,"38":0,"39":0,"40":0,"41":0,"42":0,"43":0,"44":0,"45":0,"46":0,"47":1},"f":{"0":1,"1":1,"2":1,"3":0,"4":0},"b":{"0":[1,1],"1":[1,1],"2":[0,1],"3":[1,0],"4":[0,1],"5":[0,0],"6":[0,0],"7":[0,0],"8":[0,0],"9":[0,0]},"_coverageSchema":"43e27e138ebf9cfc5966b082cf9a028302ed4184","hash":"be197ba4ac0bed4642a9cbcad1995ae27a4ac3a7","contentHash":"e3f158d8155ed0cd31cf13a3bba3d60f9bdc607ff18e7ab7e104e9066e359f9e"}
,"/Users/codeman/design/student_elective_system/app/controller/studentCourse.js": {"path":"/Users/codeman/design/student_elective_system/app/controller/studentCourse.js","statementMap":{"0":{"start":{"line":3,"column":19},"end":{"line":3,"column":44}},"1":{"start":{"line":7,"column":4},"end":{"line":7,"column":30}},"2":{"start":{"line":10,"column":4},"end":{"line":10,"column":28}},"3":{"start":{"line":17,"column":8},"end":{"line":17,"column":12}},"4":{"start":{"line":19,"column":19},"end":{"line":19,"column":53}},"5":{"start":{"line":21,"column":20},"end":{"line":28,"column":5}},"6":{"start":{"line":30,"column":4},"end":{"line":33,"column":5}},"7":{"start":{"line":31,"column":6},"end":{"line":31,"column":23}},"8":{"start":{"line":32,"column":6},"end":{"line":32,"column":24}},"9":{"start":{"line":34,"column":4},"end":{"line":37,"column":5}},"10":{"start":{"line":35,"column":6},"end":{"line":35,"column":22}},"11":{"start":{"line":36,"column":6},"end":{"line":36,"column":23}},"12":{"start":{"line":38,"column":4},"end":{"line":41,"column":5}},"13":{"start":{"line":39,"column":6},"end":{"line":39,"column":22}},"14":{"start":{"line":40,"column":6},"end":{"line":40,"column":24}},"15":{"start":{"line":43,"column":17},"end":{"line":43,"column":78}},"16":{"start":{"line":44,"column":4},"end":{"line":46,"column":5}},"17":{"start":{"line":45,"column":6},"end":{"line":45,"column":49}},"18":{"start":{"line":47,"column":4},"end":{"line":47,"column":43}},"19":{"start":{"line":54,"column":8},"end":{"line":54,"column":12}},"20":{"start":{"line":55,"column":17},"end":{"line":55,"column":33}},"21":{"start":{"line":56,"column":19},"end":{"line":56,"column":53}},"22":{"start":{"line":57,"column":17},"end":{"line":67,"column":5}},"23":{"start":{"line":68,"column":4},"end":{"line":68,"column":29}},"24":{"start":{"line":70,"column":17},"end":{"line":70,"column":21}},"25":{"start":{"line":71,"column":27},"end":{"line":71,"column":123}},"26":{"start":{"line":72,"column":27},"end":{"line":72,"column":78}},"27":{"start":{"line":73,"column":4},"end":{"line":75,"column":5}},"28":{"start":{"line":74,"column":6},"end":{"line":74,"column":103}},"29":{"start":{"line":76,"column":4},"end":{"line":78,"column":5}},"30":{"start":{"line":77,"column":6},"end":{"line":77,"column":100}},"31":{"start":{"line":80,"column":4},"end":{"line":102,"column":5}},"32":{"start":{"line":81,"column":24},"end":{"line":81,"column":104}},"33":{"start":{"line":82,"column":6},"end":{"line":101,"column":7}},"34":{"start":{"line":83,"column":8},"end":{"line":83,"column":114}},"35":{"start":{"line":85,"column":24},"end":{"line":91,"column":9}},"36":{"start":{"line":93,"column":22},"end":{"line":93,"column":44}},"37":{"start":{"line":94,"column":8},"end":{"line":94,"column":18}},"38":{"start":{"line":95,"column":8},"end":{"line":97,"column":11}},"39":{"start":{"line":98,"column":8},"end":{"line":98,"column":75}},"40":{"start":{"line":99,"column":8},"end":{"line":100,"column":52}},"41":{"start":{"line":99,"column":21},"end":{"line":99,"column":88}},"42":{"start":{"line":100,"column":13},"end":{"line":100,"column":52}},"43":{"start":{"line":109,"column":8},"end":{"line":109,"column":12}},"44":{"start":{"line":110,"column":17},"end":{"line":110,"column":33}},"45":{"start":{"line":112,"column":4},"end":{"line":112,"column":42}},"46":{"start":{"line":113,"column":17},"end":{"line":113,"column":21}},"47":{"start":{"line":114,"column":22},"end":{"line":114,"column":97}},"48":{"start":{"line":115,"column":4},"end":{"line":120,"column":5}},"49":{"start":{"line":116,"column":6},"end":{"line":116,"column":124}},"50":{"start":{"line":118,"column":6},"end":{"line":118,"column":84}},"51":{"start":{"line":119,"column":6},"end":{"line":119,"column":45}},"52":{"start":{"line":127,"column":8},"end":{"line":127,"column":12}},"53":{"start":{"line":128,"column":17},"end":{"line":128,"column":33}},"54":{"start":{"line":129,"column":4},"end":{"line":139,"column":13}},"55":{"start":{"line":140,"column":19},"end":{"line":140,"column":53}},"56":{"start":{"line":142,"column":22},"end":{"line":142,"column":102}},"57":{"start":{"line":143,"column":4},"end":{"line":152,"column":5}},"58":{"start":{"line":144,"column":6},"end":{"line":144,"column":124}},"59":{"start":{"line":146,"column":6},"end":{"line":151,"column":7}},"60":{"start":{"line":147,"column":8},"end":{"line":147,"column":72}},"61":{"start":{"line":148,"column":8},"end":{"line":148,"column":57}},"62":{"start":{"line":150,"column":8},"end":{"line":150,"column":112}},"63":{"start":{"line":156,"column":0},"end":{"line":156,"column":41}}},"fnMap":{"0":{"name":"(anonymous_0)","decl":{"start":{"line":14,"column":2},"end":{"line":14,"column":3}},"loc":{"start":{"line":14,"column":14},"end":{"line":48,"column":3}},"line":14},"1":{"name":"(anonymous_1)","decl":{"start":{"line":51,"column":2},"end":{"line":51,"column":3}},"loc":{"start":{"line":51,"column":14},"end":{"line":103,"column":3}},"line":51},"2":{"name":"(anonymous_2)","decl":{"start":{"line":106,"column":2},"end":{"line":106,"column":3}},"loc":{"start":{"line":106,"column":17},"end":{"line":121,"column":3}},"line":106},"3":{"name":"(anonymous_3)","decl":{"start":{"line":124,"column":2},"end":{"line":124,"column":3}},"loc":{"start":{"line":124,"column":18},"end":{"line":153,"column":3}},"line":124}},"branchMap":{"0":{"loc":{"start":{"line":22,"column":15},"end":{"line":22,"column":45}},"type":"binary-expr","locations":[{"start":{"line":22,"column":15},"end":{"line":22,"column":40}},{"start":{"line":22,"column":44},"end":{"line":22,"column":45}}],"line":22},"1":{"loc":{"start":{"line":23,"column":16},"end":{"line":23,"column":48}},"type":"binary-expr","locations":[{"start":{"line":23,"column":16},"end":{"line":23,"column":42}},{"start":{"line":23,"column":46},"end":{"line":23,"column":48}}],"line":23},"2":{"loc":{"start":{"line":24,"column":12},"end":{"line":24,"column":59}},"type":"cond-expr","locations":[{"start":{"line":24,"column":40},"end":{"line":24,"column":54}},{"start":{"line":24,"column":57},"end":{"line":24,"column":59}}],"line":24},"3":{"loc":{"start":{"line":25,"column":12},"end":{"line":25,"column":59}},"type":"cond-expr","locations":[{"start":{"line":25,"column":40},"end":{"line":25,"column":54}},{"start":{"line":25,"column":57},"end":{"line":25,"column":59}}],"line":25},"4":{"loc":{"start":{"line":26,"column":14},"end":{"line":26,"column":64}},"type":"cond-expr","locations":[{"start":{"line":26,"column":33},"end":{"line":26,"column":59}},{"start":{"line":26,"column":62},"end":{"line":26,"column":64}}],"line":26},"5":{"loc":{"start":{"line":27,"column":18},"end":{"line":27,"column":76}},"type":"cond-expr","locations":[{"start":{"line":27,"column":41},"end":{"line":27,"column":71}},{"start":{"line":27,"column":74},"end":{"line":27,"column":76}}],"line":27},"6":{"loc":{"start":{"line":30,"column":4},"end":{"line":33,"column":5}},"type":"if","locations":[{"start":{"line":30,"column":4},"end":{"line":33,"column":5}},{"start":{"line":30,"column":4},"end":{"line":33,"column":5}}],"line":30},"7":{"loc":{"start":{"line":30,"column":8},"end":{"line":30,"column":64}},"type":"binary-expr","locations":[{"start":{"line":30,"column":8},"end":{"line":30,"column":25}},{"start":{"line":30,"column":29},"end":{"line":30,"column":64}}],"line":30},"8":{"loc":{"start":{"line":34,"column":4},"end":{"line":37,"column":5}},"type":"if","locations":[{"start":{"line":34,"column":4},"end":{"line":37,"column":5}},{"start":{"line":34,"column":4},"end":{"line":37,"column":5}}],"line":34},"9":{"loc":{"start":{"line":34,"column":8},"end":{"line":34,"column":65}},"type":"binary-expr","locations":[{"start":{"line":34,"column":8},"end":{"line":34,"column":25}},{"start":{"line":34,"column":29},"end":{"line":34,"column":65}}],"line":34},"10":{"loc":{"start":{"line":38,"column":4},"end":{"line":41,"column":5}},"type":"if","locations":[{"start":{"line":38,"column":4},"end":{"line":41,"column":5}},{"start":{"line":38,"column":4},"end":{"line":41,"column":5}}],"line":38},"11":{"loc":{"start":{"line":44,"column":4},"end":{"line":46,"column":5}},"type":"if","locations":[{"start":{"line":44,"column":4},"end":{"line":46,"column":5}},{"start":{"line":44,"column":4},"end":{"line":46,"column":5}}],"line":44},"12":{"loc":{"start":{"line":57,"column":17},"end":{"line":67,"column":5}},"type":"cond-expr","locations":[{"start":{"line":57,"column":43},"end":{"line":57,"column":60}},{"start":{"line":57,"column":63},"end":{"line":67,"column":5}}],"line":57},"13":{"loc":{"start":{"line":71,"column":70},"end":{"line":71,"column":122}},"type":"cond-expr","locations":[{"start":{"line":71,"column":96},"end":{"line":71,"column":105}},{"start":{"line":71,"column":108},"end":{"line":71,"column":122}}],"line":71},"14":{"loc":{"start":{"line":73,"column":4},"end":{"line":75,"column":5}},"type":"if","locations":[{"start":{"line":73,"column":4},"end":{"line":75,"column":5}},{"start":{"line":73,"column":4},"end":{"line":75,"column":5}}],"line":73},"15":{"loc":{"start":{"line":76,"column":4},"end":{"line":78,"column":5}},"type":"if","locations":[{"start":{"line":76,"column":4},"end":{"line":78,"column":5}},{"start":{"line":76,"column":4},"end":{"line":78,"column":5}}],"line":76},"16":{"loc":{"start":{"line":80,"column":4},"end":{"line":102,"column":5}},"type":"if","locations":[{"start":{"line":80,"column":4},"end":{"line":102,"column":5}},{"start":{"line":80,"column":4},"end":{"line":102,"column":5}}],"line":80},"17":{"loc":{"start":{"line":80,"column":8},"end":{"line":80,"column":40}},"type":"binary-expr","locations":[{"start":{"line":80,"column":8},"end":{"line":80,"column":22}},{"start":{"line":80,"column":26},"end":{"line":80,"column":40}}],"line":80},"18":{"loc":{"start":{"line":82,"column":6},"end":{"line":101,"column":7}},"type":"if","locations":[{"start":{"line":82,"column":6},"end":{"line":101,"column":7}},{"start":{"line":82,"column":6},"end":{"line":101,"column":7}}],"line":82},"19":{"loc":{"start":{"line":86,"column":16},"end":{"line":86,"column":68}},"type":"cond-expr","locations":[{"start":{"line":86,"column":42},"end":{"line":86,"column":51}},{"start":{"line":86,"column":54},"end":{"line":86,"column":68}}],"line":86},"20":{"loc":{"start":{"line":88,"column":17},"end":{"line":88,"column":57}},"type":"cond-expr","locations":[{"start":{"line":88,"column":43},"end":{"line":88,"column":53}},{"start":{"line":88,"column":56},"end":{"line":88,"column":57}}],"line":88},"21":{"loc":{"start":{"line":89,"column":24},"end":{"line":89,"column":71}},"type":"cond-expr","locations":[{"start":{"line":89,"column":50},"end":{"line":89,"column":67}},{"start":{"line":89,"column":70},"end":{"line":89,"column":71}}],"line":89},"22":{"loc":{"start":{"line":90,"column":22},"end":{"line":90,"column":71}},"type":"cond-expr","locations":[{"start":{"line":90,"column":48},"end":{"line":90,"column":63}},{"start":{"line":90,"column":66},"end":{"line":90,"column":71}}],"line":90},"23":{"loc":{"start":{"line":99,"column":8},"end":{"line":100,"column":52}},"type":"if","locations":[{"start":{"line":99,"column":8},"end":{"line":100,"column":52}},{"start":{"line":99,"column":8},"end":{"line":100,"column":52}}],"line":99},"24":{"loc":{"start":{"line":115,"column":4},"end":{"line":120,"column":5}},"type":"if","locations":[{"start":{"line":115,"column":4},"end":{"line":120,"column":5}},{"start":{"line":115,"column":4},"end":{"line":120,"column":5}}],"line":115},"25":{"loc":{"start":{"line":143,"column":4},"end":{"line":152,"column":5}},"type":"if","locations":[{"start":{"line":143,"column":4},"end":{"line":152,"column":5}},{"start":{"line":143,"column":4},"end":{"line":152,"column":5}}],"line":143},"26":{"loc":{"start":{"line":146,"column":6},"end":{"line":151,"column":7}},"type":"if","locations":[{"start":{"line":146,"column":6},"end":{"line":151,"column":7}},{"start":{"line":146,"column":6},"end":{"line":151,"column":7}}],"line":146}},"s":{"0":1,"1":1,"2":1,"3":1,"4":1,"5":1,"6":1,"7":0,"8":0,"9":1,"10":0,"11":0,"12":1,"13":1,"14":1,"15":1,"16":1,"17":0,"18":1,"19":1,"20":1,"21":1,"22":1,"23":1,"24":1,"25":1,"26":1,"27":1,"28":0,"29":1,"30":0,"31":1,"32":1,"33":1,"34":0,"35":1,"36":1,"37":1,"38":1,"39":1,"40":1,"41":0,"42":1,"43":0,"44":0,"45":0,"46":0,"47":0,"48":0,"49":0,"50":0,"51":0,"52":0,"53":0,"54":0,"55":0,"56":0,"57":0,"58":0,"59":0,"60":0,"61":0,"62":0,"63":1},"f":{"0":1,"1":1,"2":0,"3":0},"b":{"0":[1,1],"1":[1,1],"2":[0,1],"3":[0,1],"4":[0,1],"5":[0,1],"6":[0,1],"7":[1,0],"8":[0,1],"9":[1,0],"10":[1,0],"11":[0,1],"12":[1,0],"13":[1,0],"14":[0,1],"15":[0,1],"16":[1,0],"17":[1,1],"18":[0,1],"19":[1,0],"20":[1,0],"21":[1,0],"22":[1,0],"23":[0,1],"24":[0,0],"25":[0,0],"26":[0,0]},"_coverageSchema":"43e27e138ebf9cfc5966b082cf9a028302ed4184","hash":"6f650ef527fe6279d290a9e613526408a9809da3","contentHash":"4cbfa98230cdae0e6789b9708500f0505f0b1e7fbac797a78735171e39ed625c"}
,"/Users/codeman/design/student_elective_system/app/controller/teacher.js": {"path":"/Users/codeman/design/student_elective_system/app/controller/teacher.js","statementMap":{"0":{"start":{"line":3,"column":19},"end":{"line":3,"column":44}},"1":{"start":{"line":7,"column":4},"end":{"line":7,"column":30}},"2":{"start":{"line":10,"column":4},"end":{"line":10,"column":28}},"3":{"start":{"line":17,"column":8},"end":{"line":17,"column":12}},"4":{"start":{"line":19,"column":20},"end":{"line":23,"column":5}},"5":{"start":{"line":25,"column":19},"end":{"line":25,"column":68}},"6":{"start":{"line":26,"column":4},"end":{"line":26,"column":43}},"7":{"start":{"line":33,"column":8},"end":{"line":33,"column":12}},"8":{"start":{"line":34,"column":17},"end":{"line":34,"column":33}},"9":{"start":{"line":36,"column":4},"end":{"line":36,"column":64}},"10":{"start":{"line":37,"column":4},"end":{"line":37,"column":36}},"11":{"start":{"line":39,"column":17},"end":{"line":39,"column":21}},"12":{"start":{"line":41,"column":22},"end":{"line":41,"column":75}},"13":{"start":{"line":43,"column":4},"end":{"line":54,"column":5}},"14":{"start":{"line":44,"column":6},"end":{"line":44,"column":58}},"15":{"start":{"line":45,"column":6},"end":{"line":45,"column":47}},"16":{"start":{"line":47,"column":6},"end":{"line":47,"column":45}},"17":{"start":{"line":49,"column":6},"end":{"line":51,"column":7}},"18":{"start":{"line":50,"column":8},"end":{"line":50,"column":75}},"19":{"start":{"line":53,"column":6},"end":{"line":53,"column":99}},"20":{"start":{"line":61,"column":8},"end":{"line":61,"column":12}},"21":{"start":{"line":63,"column":17},"end":{"line":63,"column":30}},"22":{"start":{"line":64,"column":21},"end":{"line":64,"column":69}},"23":{"start":{"line":65,"column":4},"end":{"line":65,"column":53}},"24":{"start":{"line":67,"column":4},"end":{"line":67,"column":47}},"25":{"start":{"line":73,"column":8},"end":{"line":73,"column":12}},"26":{"start":{"line":74,"column":17},"end":{"line":74,"column":33}},"27":{"start":{"line":75,"column":4},"end":{"line":75,"column":36}},"28":{"start":{"line":77,"column":22},"end":{"line":77,"column":75}},"29":{"start":{"line":78,"column":4},"end":{"line":93,"column":5}},"30":{"start":{"line":79,"column":6},"end":{"line":90,"column":7}},"31":{"start":{"line":80,"column":24},"end":{"line":80,"column":26}},"32":{"start":{"line":81,"column":8},"end":{"line":81,"column":37}},"33":{"start":{"line":82,"column":8},"end":{"line":82,"column":35}},"34":{"start":{"line":83,"column":8},"end":{"line":83,"column":31}},"35":{"start":{"line":84,"column":8},"end":{"line":84,"column":35}},"36":{"start":{"line":86,"column":8},"end":{"line":86,"column":68}},"37":{"start":{"line":87,"column":8},"end":{"line":87,"column":45}},"38":{"start":{"line":89,"column":8},"end":{"line":89,"column":103}},"39":{"start":{"line":92,"column":6},"end":{"line":92,"column":99}},"40":{"start":{"line":100,"column":8},"end":{"line":100,"column":12}},"41":{"start":{"line":101,"column":17},"end":{"line":101,"column":33}},"42":{"start":{"line":103,"column":4},"end":{"line":108,"column":13}},"43":{"start":{"line":110,"column":4},"end":{"line":110,"column":55}},"44":{"start":{"line":112,"column":4},"end":{"line":112,"column":41}},"45":{"start":{"line":116,"column":0},"end":{"line":116,"column":35}}},"fnMap":{"0":{"name":"(anonymous_0)","decl":{"start":{"line":14,"column":2},"end":{"line":14,"column":3}},"loc":{"start":{"line":14,"column":14},"end":{"line":27,"column":3}},"line":14},"1":{"name":"(anonymous_1)","decl":{"start":{"line":30,"column":2},"end":{"line":30,"column":3}},"loc":{"start":{"line":30,"column":14},"end":{"line":55,"column":3}},"line":30},"2":{"name":"(anonymous_2)","decl":{"start":{"line":58,"column":2},"end":{"line":58,"column":3}},"loc":{"start":{"line":58,"column":18},"end":{"line":68,"column":3}},"line":58},"3":{"name":"(anonymous_3)","decl":{"start":{"line":70,"column":2},"end":{"line":70,"column":3}},"loc":{"start":{"line":70,"column":17},"end":{"line":94,"column":3}},"line":70},"4":{"name":"(anonymous_4)","decl":{"start":{"line":97,"column":2},"end":{"line":97,"column":3}},"loc":{"start":{"line":97,"column":18},"end":{"line":113,"column":3}},"line":97}},"branchMap":{"0":{"loc":{"start":{"line":20,"column":15},"end":{"line":20,"column":45}},"type":"binary-expr","locations":[{"start":{"line":20,"column":15},"end":{"line":20,"column":40}},{"start":{"line":20,"column":44},"end":{"line":20,"column":45}}],"line":20},"1":{"loc":{"start":{"line":21,"column":16},"end":{"line":21,"column":48}},"type":"binary-expr","locations":[{"start":{"line":21,"column":16},"end":{"line":21,"column":42}},{"start":{"line":21,"column":46},"end":{"line":21,"column":48}}],"line":21},"2":{"loc":{"start":{"line":22,"column":12},"end":{"line":22,"column":58}},"type":"cond-expr","locations":[{"start":{"line":22,"column":29},"end":{"line":22,"column":53}},{"start":{"line":22,"column":56},"end":{"line":22,"column":58}}],"line":22},"3":{"loc":{"start":{"line":36,"column":41},"end":{"line":36,"column":62}},"type":"binary-expr","locations":[{"start":{"line":36,"column":41},"end":{"line":36,"column":49}},{"start":{"line":36,"column":53},"end":{"line":36,"column":62}}],"line":36},"4":{"loc":{"start":{"line":43,"column":4},"end":{"line":54,"column":5}},"type":"if","locations":[{"start":{"line":43,"column":4},"end":{"line":54,"column":5}},{"start":{"line":43,"column":4},"end":{"line":54,"column":5}}],"line":43},"5":{"loc":{"start":{"line":49,"column":6},"end":{"line":51,"column":7}},"type":"if","locations":[{"start":{"line":49,"column":6},"end":{"line":51,"column":7}},{"start":{"line":49,"column":6},"end":{"line":51,"column":7}}],"line":49},"6":{"loc":{"start":{"line":78,"column":4},"end":{"line":93,"column":5}},"type":"if","locations":[{"start":{"line":78,"column":4},"end":{"line":93,"column":5}},{"start":{"line":78,"column":4},"end":{"line":93,"column":5}}],"line":78},"7":{"loc":{"start":{"line":79,"column":6},"end":{"line":90,"column":7}},"type":"if","locations":[{"start":{"line":79,"column":6},"end":{"line":90,"column":7}},{"start":{"line":79,"column":6},"end":{"line":90,"column":7}}],"line":79}},"s":{"0":1,"1":1,"2":1,"3":1,"4":1,"5":1,"6":1,"7":1,"8":1,"9":1,"10":1,"11":1,"12":1,"13":1,"14":0,"15":0,"16":0,"17":0,"18":0,"19":1,"20":1,"21":1,"22":1,"23":1,"24":1,"25":0,"26":0,"27":0,"28":0,"29":0,"30":0,"31":0,"32":0,"33":0,"34":0,"35":0,"36":0,"37":0,"38":0,"39":0,"40":0,"41":0,"42":0,"43":0,"44":0,"45":1},"f":{"0":1,"1":1,"2":1,"3":0,"4":0},"b":{"0":[1,1],"1":[1,1],"2":[0,1],"3":[1,0],"4":[0,1],"5":[0,0],"6":[0,0],"7":[0,0]},"_coverageSchema":"43e27e138ebf9cfc5966b082cf9a028302ed4184","hash":"34be68bb1f51a41a10e2ee8b8ec3b49cdb8f0c8c","contentHash":"8d287e559f6c43ecd145d6d4954815ca75e12c86e03c179c1717a0032d4c4c77"}
,"/Users/codeman/design/student_elective_system/app/controller/user.js": {"path":"/Users/codeman/design/student_elective_system/app/controller/user.js","statementMap":{"0":{"start":{"line":3,"column":19},"end":{"line":3,"column":44}},"1":{"start":{"line":6,"column":4},"end":{"line":6,"column":30}},"2":{"start":{"line":12,"column":4},"end":{"line":12,"column":28}},"3":{"start":{"line":13,"column":10},"end":{"line":13,"column":27}},"4":{"start":{"line":19,"column":8},"end":{"line":19,"column":12}},"5":{"start":{"line":21,"column":19},"end":{"line":21,"column":53}},"6":{"start":{"line":22,"column":21},"end":{"line":22,"column":25}},"7":{"start":{"line":24,"column":4},"end":{"line":36,"column":5}},"8":{"start":{"line":26,"column":8},"end":{"line":26,"column":80}},"9":{"start":{"line":27,"column":8},"end":{"line":27,"column":14}},"10":{"start":{"line":29,"column":8},"end":{"line":29,"column":80}},"11":{"start":{"line":30,"column":8},"end":{"line":30,"column":14}},"12":{"start":{"line":32,"column":8},"end":{"line":32,"column":80}},"13":{"start":{"line":33,"column":8},"end":{"line":33,"column":14}},"14":{"start":{"line":35,"column":8},"end":{"line":35,"column":104}},"15":{"start":{"line":38,"column":4},"end":{"line":38,"column":53}},"16":{"start":{"line":39,"column":4},"end":{"line":39,"column":47}},"17":{"start":{"line":45,"column":8},"end":{"line":45,"column":12}},"18":{"start":{"line":47,"column":19},"end":{"line":47,"column":53}},"19":{"start":{"line":48,"column":17},"end":{"line":48,"column":33}},"20":{"start":{"line":49,"column":21},"end":{"line":49,"column":25}},"21":{"start":{"line":50,"column":17},"end":{"line":50,"column":21}},"22":{"start":{"line":51,"column":18},"end":{"line":51,"column":20}},"23":{"start":{"line":53,"column":4},"end":{"line":68,"column":5}},"24":{"start":{"line":55,"column":8},"end":{"line":55,"column":38}},"25":{"start":{"line":56,"column":8},"end":{"line":56,"column":80}},"26":{"start":{"line":57,"column":8},"end":{"line":57,"column":14}},"27":{"start":{"line":59,"column":8},"end":{"line":59,"column":40}},"28":{"start":{"line":60,"column":8},"end":{"line":60,"column":80}},"29":{"start":{"line":61,"column":8},"end":{"line":61,"column":14}},"30":{"start":{"line":63,"column":8},"end":{"line":63,"column":40}},"31":{"start":{"line":64,"column":8},"end":{"line":64,"column":80}},"32":{"start":{"line":65,"column":8},"end":{"line":65,"column":14}},"33":{"start":{"line":67,"column":8},"end":{"line":67,"column":104}},"34":{"start":{"line":70,"column":4},"end":{"line":93,"column":5}},"35":{"start":{"line":71,"column":6},"end":{"line":90,"column":7}},"36":{"start":{"line":73,"column":10},"end":{"line":73,"column":45}},"37":{"start":{"line":74,"column":10},"end":{"line":74,"column":76}},"38":{"start":{"line":75,"column":10},"end":{"line":75,"column":16}},"39":{"start":{"line":77,"column":10},"end":{"line":77,"column":25}},"40":{"start":{"line":78,"column":10},"end":{"line":78,"column":44}},"41":{"start":{"line":79,"column":10},"end":{"line":79,"column":43}},"42":{"start":{"line":80,"column":10},"end":{"line":80,"column":80}},"43":{"start":{"line":81,"column":10},"end":{"line":81,"column":16}},"44":{"start":{"line":83,"column":10},"end":{"line":83,"column":25}},"45":{"start":{"line":84,"column":10},"end":{"line":84,"column":44}},"46":{"start":{"line":85,"column":10},"end":{"line":85,"column":43}},"47":{"start":{"line":86,"column":10},"end":{"line":86,"column":80}},"48":{"start":{"line":87,"column":10},"end":{"line":87,"column":16}},"49":{"start":{"line":89,"column":10},"end":{"line":89,"column":106}},"50":{"start":{"line":91,"column":6},"end":{"line":91,"column":47}},"51":{"start":{"line":92,"column":6},"end":{"line":92,"column":45}},"52":{"start":{"line":99,"column":8},"end":{"line":99,"column":12}},"53":{"start":{"line":101,"column":19},"end":{"line":101,"column":53}},"54":{"start":{"line":102,"column":17},"end":{"line":102,"column":33}},"55":{"start":{"line":104,"column":20},"end":{"line":107,"column":5}},"56":{"start":{"line":108,"column":21},"end":{"line":108,"column":25}},"57":{"start":{"line":109,"column":19},"end":{"line":109,"column":24}},"58":{"start":{"line":111,"column":4},"end":{"line":111,"column":32}},"59":{"start":{"line":112,"column":4},"end":{"line":128,"column":5}},"60":{"start":{"line":113,"column":6},"end":{"line":125,"column":7}},"61":{"start":{"line":115,"column":10},"end":{"line":115,"column":82}},"62":{"start":{"line":116,"column":10},"end":{"line":116,"column":16}},"63":{"start":{"line":118,"column":10},"end":{"line":118,"column":82}},"64":{"start":{"line":119,"column":10},"end":{"line":119,"column":16}},"65":{"start":{"line":121,"column":10},"end":{"line":121,"column":82}},"66":{"start":{"line":122,"column":10},"end":{"line":122,"column":16}},"67":{"start":{"line":124,"column":10},"end":{"line":124,"column":106}},"68":{"start":{"line":127,"column":6},"end":{"line":127,"column":88}},"69":{"start":{"line":130,"column":4},"end":{"line":154,"column":5}},"70":{"start":{"line":131,"column":6},"end":{"line":131,"column":81}},"71":{"start":{"line":132,"column":6},"end":{"line":153,"column":7}},"72":{"start":{"line":133,"column":8},"end":{"line":148,"column":9}},"73":{"start":{"line":135,"column":12},"end":{"line":135,"column":71}},"74":{"start":{"line":136,"column":12},"end":{"line":136,"column":69}},"75":{"start":{"line":137,"column":12},"end":{"line":137,"column":18}},"76":{"start":{"line":139,"column":12},"end":{"line":139,"column":71}},"77":{"start":{"line":140,"column":12},"end":{"line":140,"column":73}},"78":{"start":{"line":141,"column":12},"end":{"line":141,"column":18}},"79":{"start":{"line":143,"column":12},"end":{"line":143,"column":71}},"80":{"start":{"line":144,"column":12},"end":{"line":144,"column":73}},"81":{"start":{"line":145,"column":12},"end":{"line":145,"column":18}},"82":{"start":{"line":147,"column":12},"end":{"line":147,"column":108}},"83":{"start":{"line":149,"column":8},"end":{"line":149,"column":86}},"84":{"start":{"line":152,"column":8},"end":{"line":152,"column":88}},"85":{"start":{"line":159,"column":0},"end":{"line":159,"column":32}}},"fnMap":{"0":{"name":"(anonymous_0)","decl":{"start":{"line":16,"column":2},"end":{"line":16,"column":3}},"loc":{"start":{"line":16,"column":18},"end":{"line":40,"column":3}},"line":16},"1":{"name":"(anonymous_1)","decl":{"start":{"line":42,"column":2},"end":{"line":42,"column":3}},"loc":{"start":{"line":42,"column":17},"end":{"line":94,"column":3}},"line":42},"2":{"name":"(anonymous_2)","decl":{"start":{"line":96,"column":2},"end":{"line":96,"column":3}},"loc":{"start":{"line":96,"column":18},"end":{"line":156,"column":3}},"line":96}},"branchMap":{"0":{"loc":{"start":{"line":24,"column":4},"end":{"line":36,"column":5}},"type":"switch","locations":[{"start":{"line":25,"column":6},"end":{"line":27,"column":14}},{"start":{"line":28,"column":6},"end":{"line":30,"column":14}},{"start":{"line":31,"column":6},"end":{"line":33,"column":14}},{"start":{"line":34,"column":6},"end":{"line":35,"column":104}}],"line":24},"1":{"loc":{"start":{"line":53,"column":4},"end":{"line":68,"column":5}},"type":"switch","locations":[{"start":{"line":54,"column":6},"end":{"line":57,"column":14}},{"start":{"line":58,"column":6},"end":{"line":61,"column":14}},{"start":{"line":62,"column":6},"end":{"line":65,"column":14}},{"start":{"line":66,"column":6},"end":{"line":67,"column":104}}],"line":53},"2":{"loc":{"start":{"line":70,"column":4},"end":{"line":93,"column":5}},"type":"if","locations":[{"start":{"line":70,"column":4},"end":{"line":93,"column":5}},{"start":{"line":70,"column":4},"end":{"line":93,"column":5}}],"line":70},"3":{"loc":{"start":{"line":71,"column":6},"end":{"line":90,"column":7}},"type":"switch","locations":[{"start":{"line":72,"column":8},"end":{"line":75,"column":16}},{"start":{"line":76,"column":8},"end":{"line":81,"column":16}},{"start":{"line":82,"column":8},"end":{"line":87,"column":16}},{"start":{"line":88,"column":8},"end":{"line":89,"column":106}}],"line":71},"4":{"loc":{"start":{"line":112,"column":4},"end":{"line":128,"column":5}},"type":"if","locations":[{"start":{"line":112,"column":4},"end":{"line":128,"column":5}},{"start":{"line":112,"column":4},"end":{"line":128,"column":5}}],"line":112},"5":{"loc":{"start":{"line":113,"column":6},"end":{"line":125,"column":7}},"type":"switch","locations":[{"start":{"line":114,"column":8},"end":{"line":116,"column":16}},{"start":{"line":117,"column":8},"end":{"line":119,"column":16}},{"start":{"line":120,"column":8},"end":{"line":122,"column":16}},{"start":{"line":123,"column":8},"end":{"line":124,"column":106}}],"line":113},"6":{"loc":{"start":{"line":130,"column":4},"end":{"line":154,"column":5}},"type":"if","locations":[{"start":{"line":130,"column":4},"end":{"line":154,"column":5}},{"start":{"line":130,"column":4},"end":{"line":154,"column":5}}],"line":130},"7":{"loc":{"start":{"line":132,"column":6},"end":{"line":153,"column":7}},"type":"if","locations":[{"start":{"line":132,"column":6},"end":{"line":153,"column":7}},{"start":{"line":132,"column":6},"end":{"line":153,"column":7}}],"line":132},"8":{"loc":{"start":{"line":133,"column":8},"end":{"line":148,"column":9}},"type":"switch","locations":[{"start":{"line":134,"column":10},"end":{"line":137,"column":18}},{"start":{"line":138,"column":10},"end":{"line":141,"column":18}},{"start":{"line":142,"column":10},"end":{"line":145,"column":18}},{"start":{"line":146,"column":10},"end":{"line":147,"column":108}}],"line":133}},"s":{"0":1,"1":1,"2":1,"3":1,"4":1,"5":1,"6":1,"7":1,"8":1,"9":1,"10":0,"11":0,"12":0,"13":0,"14":0,"15":1,"16":1,"17":0,"18":0,"19":0,"20":0,"21":0,"22":0,"23":0,"24":0,"25":0,"26":0,"27":0,"28":0,"29":0,"30":0,"31":0,"32":0,"33":0,"34":0,"35":0,"36":0,"37":0,"38":0,"39":0,"40":0,"41":0,"42":0,"43":0,"44":0,"45":0,"46":0,"47":0,"48":0,"49":0,"50":0,"51":0,"52":0,"53":0,"54":0,"55":0,"56":0,"57":0,"58":0,"59":0,"60":0,"61":0,"62":0,"63":0,"64":0,"65":0,"66":0,"67":0,"68":0,"69":0,"70":0,"71":0,"72":0,"73":0,"74":0,"75":0,"76":0,"77":0,"78":0,"79":0,"80":0,"81":0,"82":0,"83":0,"84":0,"85":1},"f":{"0":1,"1":0,"2":0},"b":{"0":[1,0,0,0],"1":[0,0,0,0],"2":[0,0],"3":[0,0,0,0],"4":[0,0],"5":[0,0,0,0],"6":[0,0],"7":[0,0],"8":[0,0,0,0]},"_coverageSchema":"43e27e138ebf9cfc5966b082cf9a028302ed4184","hash":"4aa2d74a7ddc3d1a20d5932eafddf600cc28a9ef","contentHash":"95bfcb325b4eee494b74b6b55a7032f45a637a379ecc380e8a9a64805bc2b690"}
,"/Users/codeman/design/student_elective_system/app/extend/helper.js": {"path":"/Users/codeman/design/student_elective_system/app/extend/helper.js","statementMap":{"0":{"start":{"line":3,"column":15},"end":{"line":3,"column":34}},"1":{"start":{"line":4,"column":13},"end":{"line":4,"column":35}},"2":{"start":{"line":9,"column":4},"end":{"line":9,"column":30}},"3":{"start":{"line":10,"column":10},"end":{"line":10,"column":27}},"4":{"start":{"line":12,"column":0},"end":{"line":15,"column":2}},"5":{"start":{"line":13,"column":22},"end":{"line":13,"column":54}},"6":{"start":{"line":14,"column":2},"end":{"line":14,"column":59}},"7":{"start":{"line":18,"column":0},"end":{"line":56,"column":2}},"8":{"start":{"line":19,"column":16},"end":{"line":19,"column":40}},"9":{"start":{"line":20,"column":23},"end":{"line":20,"column":63}},"10":{"start":{"line":21,"column":19},"end":{"line":21,"column":58}},"11":{"start":{"line":23,"column":2},"end":{"line":26,"column":3}},"12":{"start":{"line":24,"column":4},"end":{"line":24,"column":78}},"13":{"start":{"line":25,"column":4},"end":{"line":25,"column":17}},"14":{"start":{"line":28,"column":18},"end":{"line":28,"column":22}},"15":{"start":{"line":30,"column":2},"end":{"line":32,"column":3}},"16":{"start":{"line":31,"column":4},"end":{"line":31,"column":97}},"17":{"start":{"line":31,"column":32},"end":{"line":31,"column":97}},"18":{"start":{"line":33,"column":2},"end":{"line":35,"column":3}},"19":{"start":{"line":34,"column":4},"end":{"line":34,"column":97}},"20":{"start":{"line":34,"column":32},"end":{"line":34,"column":97}},"21":{"start":{"line":36,"column":2},"end":{"line":38,"column":3}},"22":{"start":{"line":37,"column":4},"end":{"line":37,"column":97}},"23":{"start":{"line":37,"column":32},"end":{"line":37,"column":97}},"24":{"start":{"line":40,"column":2},"end":{"line":48,"column":3}},"25":{"start":{"line":41,"column":4},"end":{"line":44,"column":5}},"26":{"start":{"line":42,"column":6},"end":{"line":42,"column":71}},"27":{"start":{"line":43,"column":6},"end":{"line":43,"column":19}},"28":{"start":{"line":46,"column":4},"end":{"line":46,"column":80}},"29":{"start":{"line":47,"column":4},"end":{"line":47,"column":17}},"30":{"start":{"line":50,"column":2},"end":{"line":53,"column":3}},"31":{"start":{"line":51,"column":4},"end":{"line":51,"column":77}},"32":{"start":{"line":52,"column":4},"end":{"line":52,"column":17}},"33":{"start":{"line":55,"column":2},"end":{"line":55,"column":30}},"34":{"start":{"line":59,"column":0},"end":{"line":63,"column":2}},"35":{"start":{"line":60,"column":16},"end":{"line":60,"column":40}},"36":{"start":{"line":61,"column":23},"end":{"line":61,"column":63}},"37":{"start":{"line":62,"column":2},"end":{"line":62,"column":30}},"38":{"start":{"line":67,"column":0},"end":{"line":74,"column":2}},"39":{"start":{"line":68,"column":2},"end":{"line":72,"column":4}},"40":{"start":{"line":73,"column":2},"end":{"line":73,"column":22}},"41":{"start":{"line":77,"column":0},"end":{"line":79,"column":2}},"42":{"start":{"line":78,"column":2},"end":{"line":78,"column":37}},"43":{"start":{"line":82,"column":0},"end":{"line":84,"column":2}},"44":{"start":{"line":83,"column":2},"end":{"line":83,"column":46}},"45":{"start":{"line":87,"column":0},"end":{"line":99,"column":2}},"46":{"start":{"line":88,"column":2},"end":{"line":90,"column":3}},"47":{"start":{"line":89,"column":4},"end":{"line":89,"column":40}},"48":{"start":{"line":89,"column":21},"end":{"line":89,"column":40}},"49":{"start":{"line":91,"column":2},"end":{"line":96,"column":3}},"50":{"start":{"line":92,"column":4},"end":{"line":95,"column":7}},"51":{"start":{"line":93,"column":6},"end":{"line":94,"column":29}},"52":{"start":{"line":93,"column":20},"end":{"line":93,"column":36}},"53":{"start":{"line":94,"column":11},"end":{"line":94,"column":29}},"54":{"start":{"line":98,"column":2},"end":{"line":98,"column":17}},"55":{"start":{"line":102,"column":0},"end":{"line":113,"column":2}},"56":{"start":{"line":103,"column":2},"end":{"line":110,"column":3}},"57":{"start":{"line":104,"column":4},"end":{"line":109,"column":7}},"58":{"start":{"line":105,"column":6},"end":{"line":108,"column":7}},"59":{"start":{"line":106,"column":8},"end":{"line":106,"column":23}},"60":{"start":{"line":107,"column":8},"end":{"line":107,"column":30}},"61":{"start":{"line":112,"column":2},"end":{"line":112,"column":17}}},"fnMap":{"0":{"name":"(anonymous_0)","decl":{"start":{"line":12,"column":25},"end":{"line":12,"column":26}},"loc":{"start":{"line":12,"column":32},"end":{"line":15,"column":1}},"line":12},"1":{"name":"(anonymous_1)","decl":{"start":{"line":18,"column":22},"end":{"line":18,"column":23}},"loc":{"start":{"line":18,"column":63},"end":{"line":56,"column":1}},"line":18},"2":{"name":"(anonymous_2)","decl":{"start":{"line":59,"column":23},"end":{"line":59,"column":24}},"loc":{"start":{"line":59,"column":36},"end":{"line":63,"column":1}},"line":59},"3":{"name":"(anonymous_3)","decl":{"start":{"line":67,"column":19},"end":{"line":67,"column":20}},"loc":{"start":{"line":67,"column":93},"end":{"line":74,"column":1}},"line":67},"4":{"name":"(anonymous_4)","decl":{"start":{"line":77,"column":19},"end":{"line":77,"column":20}},"loc":{"start":{"line":77,"column":27},"end":{"line":79,"column":1}},"line":77},"5":{"name":"(anonymous_5)","decl":{"start":{"line":82,"column":22},"end":{"line":82,"column":23}},"loc":{"start":{"line":82,"column":44},"end":{"line":84,"column":1}},"line":82},"6":{"name":"(anonymous_6)","decl":{"start":{"line":87,"column":17},"end":{"line":87,"column":18}},"loc":{"start":{"line":87,"column":28},"end":{"line":99,"column":1}},"line":87},"7":{"name":"(anonymous_7)","decl":{"start":{"line":92,"column":23},"end":{"line":92,"column":24}},"loc":{"start":{"line":92,"column":31},"end":{"line":95,"column":5}},"line":92},"8":{"name":"(anonymous_8)","decl":{"start":{"line":102,"column":19},"end":{"
[...]
,"/Users/codeman/design/student_elective_system/app/service/studentCourse.js": {"path":"/Users/codeman/design/student_elective_system/app/service/studentCourse.js","statementMap":{"0":{"start":{"line":3,"column":16},"end":{"line":3,"column":38}},"1":{"start":{"line":6,"column":4},"end":{"line":6,"column":30}},"2":{"start":{"line":9,"column":4},"end":{"line":9,"column":24}},"3":{"start":{"line":24,"column":8},"end":{"line":24,"column":12}},"4":{"start":{"line":25,"column":4},"end":{"line":87,"column":5}},"5":{"start":{"line":26,"column":21},"end":{"line":78,"column":8}},"6":{"start":{"line":80,"column":6},"end":{"line":80,"column":20}},"7":{"start":{"line":82,"column":6},"end":{"line":82,"column":23}},"8":{"start":{"line":83,"column":6},"end":{"line":85,"column":9}},"9":{"start":{"line":86,"column":6},"end":{"line":86,"column":20}},"10":{"start":{"line":93,"column":8},"end":{"line":93,"column":12}},"11":{"start":{"line":94,"column":4},"end":{"line":104,"column":5}},"12":{"start":{"line":95,"column":21},"end":{"line":95,"column":72}},"13":{"start":{"line":97,"column":6},"end":{"line":97,"column":20}},"14":{"start":{"line":99,"column":6},"end":{"line":99,"column":23}},"15":{"start":{"line":100,"column":6},"end":{"line":102,"column":9}},"16":{"start":{"line":103,"column":6},"end":{"line":103,"column":20}},"17":{"start":{"line":110,"column":8},"end":{"line":110,"column":12}},"18":{"start":{"line":111,"column":4},"end":{"line":126,"column":5}},"19":{"start":{"line":112,"column":21},"end":{"line":117,"column":8}},"20":{"start":{"line":119,"column":6},"end":{"line":119,"column":20}},"21":{"start":{"line":121,"column":6},"end":{"line":121,"column":23}},"22":{"start":{"line":122,"column":6},"end":{"line":124,"column":9}},"23":{"start":{"line":125,"column":6},"end":{"line":125,"column":20}},"24":{"start":{"line":132,"column":8},"end":{"line":132,"column":12}},"25":{"start":{"line":133,"column":4},"end":{"line":147,"column":5}},"26":{"start":{"line":134,"column":21},"end":{"line":138,"column":8}},"27":{"start":{"line":140,"column":6},"end":{"line":140,"column":20}},"28":{"start":{"line":142,"column":6},"end":{"line":142,"column":23}},"29":{"start":{"line":143,"column":6},"end":{"line":145,"column":9}},"30":{"start":{"line":146,"column":6},"end":{"line":146,"column":20}},"31":{"start":{"line":153,"column":8},"end":{"line":153,"column":12}},"32":{"start":{"line":154,"column":4},"end":{"line":168,"column":5}},"33":{"start":{"line":155,"column":21},"end":{"line":159,"column":8}},"34":{"start":{"line":161,"column":6},"end":{"line":161,"column":20}},"35":{"start":{"line":163,"column":6},"end":{"line":163,"column":23}},"36":{"start":{"line":164,"column":6},"end":{"line":166,"column":9}},"37":{"start":{"line":167,"column":6},"end":{"line":167,"column":20}},"38":{"start":{"line":174,"column":8},"end":{"line":174,"column":12}},"39":{"start":{"line":175,"column":4},"end":{"line":187,"column":5}},"40":{"start":{"line":176,"column":21},"end":{"line":178,"column":7}},"41":{"start":{"line":180,"column":6},"end":{"line":180,"column":20}},"42":{"start":{"line":182,"column":6},"end":{"line":182,"column":23}},"43":{"start":{"line":183,"column":6},"end":{"line":185,"column":9}},"44":{"start":{"line":186,"column":6},"end":{"line":186,"column":20}},"45":{"start":{"line":193,"column":8},"end":{"line":193,"column":12}},"46":{"start":{"line":194,"column":4},"end":{"line":204,"column":5}},"47":{"start":{"line":195,"column":21},"end":{"line":195,"column":44}},"48":{"start":{"line":197,"column":6},"end":{"line":197,"column":20}},"49":{"start":{"line":199,"column":6},"end":{"line":199,"column":23}},"50":{"start":{"line":200,"column":6},"end":{"line":202,"column":9}},"51":{"start":{"line":203,"column":6},"end":{"line":203,"column":20}},"52":{"start":{"line":210,"column":8},"end":{"line":210,"column":12}},"53":{"start":{"line":211,"column":4},"end":{"line":223,"column":5}},"54":{"start":{"line":212,"column":21},"end":{"line":214,"column":8}},"55":{"start":{"line":216,"column":6},"end":{"line":216,"column":20}},"56":{"start":{"line":218,"column":6},"end":{"line":218,"column":23}},"57":{"start":{"line":219,"column":6},"end":{"line":221,"column":9}},"58":{"start":{"line":222,"column":6},"end":{"line":222,"column":20}},"59":{"start":{"line":229,"column":8},"end":{"line":229,"column":12}},"60":{"start":{"line":230,"column":4},"end":{"line":244,"column":5}},"61":{"start":{"line":231,"column":21},"end":{"line":235,"column":8}},"62":{"start":{"line":237,"column":6},"end":{"line":237,"column":20}},"63":{"start":{"line":239,"column":6},"end":{"line":239,"column":23}},"64":{"start":{"line":240,"column":6},"end":{"line":242,"column":9}},"65":{"start":{"line":243,"column":6},"end":{"line":243,"column":20}},"66":{"start":{"line":248,"column":0},"end":{"line":248,"column":38}}},"fnMap":{"0":{"name":"(anonymous_0)","decl":{"start":{"line":12,"column":2},"end":{"line":12,"column":3}},"loc":{"start":{"line":21,"column":10},"end":{"line":88,"column":3}},"line":21},"1":{"name":"(anonymous_1)","decl":{"start":{"line":90,"column":2},"end":{"line":90,"column":3}},"loc":{"start":{"line":90,"column":40},"end":{"line":105,"column":3}},"line":90},"2":{"name":"(anonymous_2)","decl":{"start":{"line":107,"column":2},"end":{"line":107,"column":3}},"loc":{"start":{"line":107,"column":42},"end":{"line":127,"column":3}},"line":107},"3":{"name":"(anonymous_3)","decl":{"start":{"line":129,"column":2},"end":{"line":129,"column":3}},"loc":{"start":{"line":129,"column":37},"end":{"line":148,"column":3}},"line":129},"4":{"name":"(anonymous_4)","decl":{"start":{"line":150,"column":2},"end":{"line":150,"column":3}},"loc":{"start":{"line":150,"column":37},"end":{"line":169,"column":3}},"line":150},"5":{"name":"(anonymous_5)","decl":{"start":{"line":171,"column":2},"end":{"line":171,"column":3}},"loc":{"start":{"line":171,"column":52},"end":{"line":188,"column":3}},"line":171},"6":{"name":"(anonymous_6)","decl":{"start":{"line":190,"column":2},"end":{"line":190,"column":3}},"loc":{"start":{"line":190,"column":44},"end":{"line":205,"column":3}},"line":190},"7":{"name":"(anonymous_7)","decl":{"start":{"line":207,"column":2},"end":{"line":207,"column":3}},"loc":{"start":{"line":207,"column":40},"end":{"line":224,"column":3}},"line":207},"8":{"name":"(anonymous_8)","decl":{"start":{"line":226,"column":2},"end":{"line":226,"column":3}},"loc":{"start":{"line":226,"column":40},"end":{"line":245,"column":3}},"line":226}},"branchMap":{"0":{"loc":{"start":{"line":12,"column":29},"end":{"line":21,"column":8}},"type":"default-arg","locations":[{"start":{"line":21,"column":6},"end":{"line":21,"column":8}}],"line":12},"1":{"loc":{"start":{"line":13,"column":4},"end":{"line":13,"column":15}},"type":"default-arg","locations":[{"start":{"line":13,"column":14},"end":{"line":13,"column":15}}],"line":13},"2":{"loc":{"start":{"line":14,"column":4},"end":{"line":14,"column":17}},"type":"default-arg","locations":[{"start":{"line":14,"column":15},"end":{"line":14,"column":17}}],"line":14},"3":{"loc":{"start":{"line":15,"column":4},"end":{"line":15,"column":13}},"type":"default-arg","locations":[{"start":{"line":15,"column":11},"end":{"line":15,"column":13}}],"line":15},"4":{"loc":{"start":{"line":16,"column":4},"end":{"line":16,"column":13}},"type":"default-arg","locations":[{"start":{"line":16,"column":11},"end":{"line":16,"column":13}}],"line":16},"5":{"loc":{"start":{"line":17,"column":4},"end":{"line":17,"column":15}},"type":"default-arg","locations":[{"start":{"line":17,"column":13},"end":{"line":17,"column":15}}],"line":17},"6":{"loc":{"start":{"line":18,"column":4},"end":{"line":18,"column":19}},"type":"default-arg","locations":[{"start":{"line":18,"column":17},"end":{"line":18,"column":19}}],"line":18},"7":{"loc":{"start":{"line":19,"column":4},"end":{"line":19,"column":11}},"type":"default-arg","locations":[{"start":{"line":19,"column":10},"end":{"line":19,"column":11}}],"line":19},"8":{"loc":{"start":{"line":20,"column":4},"end":{"line":20,"column":13}},"type":"default-arg","locations":[{"start":{"line":20,"column":10},"end":{"line":20,"column":13}}],"line":20},"9":{"loc":{"start":{"line":27,"column":16},"end":{"line":27,"column":60}},"type":"cond-expr","locations":[{"start":{"line":27,"column":32},"end":{"line":27,"column":33}},{"start":{"line":27,"column":36},"end":{"line":27,"column":60}}],"line":27},"10":{"loc":{"start":{"line":34,"column":26},"end":{"line":34,"column":44}},"type":"binary-expr","locations":[{"start":{"line":34,"column":26},"end":{"line":34,"column":36}},{"start":{"line":34,"column":40},"end":{"line":34,"column":44}}],"line":34},"11":{"loc":{"start":{"line":53,"column":28},"end":{"line":53,"column":40}},"type":"binary-expr","locations":[{"start":{"line":53,"column":28},"end":{"line":53,"column":32}},{"start":{"line":53,"column":36},"end":{"line":53,"column":40}}],"line":53},"12":{"loc":{"start":{"line":63,"column":29},"end":{"line":63,"column":41}},"type":"binary-expr","locations":[{"start":{"line":63,"column":29},"end":{"line":63,"column":35}},{"start":{"line":63,"column":39},"end":{"line":63,"column":41}}],"line":63},"13":{"loc":{"start":{"line":70,"column":30},"end":{"line":70,"column":42}},"type":"binary-expr","locations":[{"start":{"line":70,"column":30},"end":{"line":70,"column":34}},{"start":{"line":70,"column":38},"end":{"line":70,"column":42}}],"line":70}},"s":{"0":1,"1":1,"2":1,"3":2,"4":2,"5":2,"6":2,"7":0,"8":0,"9":0,"10":1,"11":1,"12":1,"13":1,"14":0,"15":0,"16":0,"17":1,"18":1,"19":1,"20":1,"21":0,"22":0,"23":0,"24":0,"25":0,"26":0,"27":0,"28":0,"29":0,"30":0,"31":0,"32":0,"33":0,"34":0,"35":0,"36":0,"37":0,"38":0,"39":0,"40":0,"41":0,"42":0,"43":0,"44":0,"45":0,"46":0,"47":0,"48":0,"49":0,"50":0,"51":0,"52":0,"53":0,"54":0,"55":0,"56":0,"57":0,"58":0,"59":0,"60":0,"61":0,"62":0,"63":0,"64":0,"65":0,"66":1},"f":{"0":2,"1":1,"2":1,"3":0,"4":0,"5":0,"6":0,"7":0,"8":0},"b":{"0":[0],"1":[0],"2":[0],"3":[1],"4":[1],"5":[1],"6":[1],"7":[0],"8":[1],"9":[1,1],"10":[2,2],"11":[2,2],"12":[2,2],"13":[2,2]},"_coverageSchema":"43e27e138ebf9cfc5966b082cf9a028302ed4184","hash":"b8dc374990031c51d3c9ff5a65b6ce197dec1db9","contentHash":"923aa4964bccaa64e7f05df4f123422ebcbf340953491df50078f80ec17654f2"}
,"/Users/codeman/design/student_elective_system/app/service/teacher.js": {"path":"/Users/codeman/design/student_elective_system/app/service/teacher.js","statementMap":{"0":{"start":{"line":3,"column":16},"end":{"line":3,"column":38}},"1":{"start":{"line":6,"column":4},"end":{"line":6,"column":30}},"2":{"start":{"line":9,"column":4},"end":{"line":9,"column":24}},"3":{"start":{"line":19,"column":8},"end":{"line":19,"column":12}},"4":{"start":{"line":20,"column":4},"end":{"line":44,"column":5}},"5":{"start":{"line":21,"column":21},"end":{"line":35,"column":8}},"6":{"start":{"line":37,"column":6},"end":{"line":37,"column":20}},"7":{"start":{"line":39,"column":6},"end":{"line":39,"column":23}},"8":{"start":{"line":40,"column":6},"end":{"line":42,"column":9}},"9":{"start":{"line":43,"column":6},"end":{"line":43,"column":20}},"10":{"start":{"line":50,"column":8},"end":{"line":50,"column":12}},"11":{"start":{"line":51,"column":4},"end":{"line":61,"column":5}},"12":{"start":{"line":52,"column":21},"end":{"line":52,"column":60}},"13":{"start":{"line":54,"column":6},"end":{"line":54,"column":20}},"14":{"start":{"line":56,"column":6},"end":{"line":56,"column":23}},"15":{"start":{"line":57,"column":6},"end":{"line":59,"column":9}},"16":{"start":{"line":60,"column":6},"end":{"line":60,"column":20}},"17":{"start":{"line":67,"column":8},"end":{"line":67,"column":12}},"18":{"start":{"line":68,"column":4},"end":{"line":82,"column":5}},"19":{"start":{"line":69,"column":21},"end":{"line":73,"column":8}},"20":{"start":{"line":75,"column":6},"end":{"line":75,"column":20}},"21":{"start":{"line":77,"column":6},"end":{"line":77,"column":23}},"22":{"start":{"line":78,"column":6},"end":{"line":80,"column":9}},"23":{"start":{"line":81,"column":6},"end":{"line":81,"column":20}},"24":{"start":{"line":88,"column":8},"end":{"line":88,"column":12}},"25":{"start":{"line":89,"column":4},"end":{"line":101,"column":5}},"26":{"start":{"line":90,"column":21},"end":{"line":92,"column":7}},"27":{"start":{"line":94,"column":6},"end":{"line":94,"column":20}},"28":{"start":{"line":96,"column":6},"end":{"line":96,"column":23}},"29":{"start":{"line":97,"column":6},"end":{"line":99,"column":9}},"30":{"start":{"line":100,"column":6},"end":{"line":100,"column":20}},"31":{"start":{"line":107,"column":8},"end":{"line":107,"column":12}},"32":{"start":{"line":108,"column":4},"end":{"line":123,"column":5}},"33":{"start":{"line":109,"column":6},"end":{"line":109,"column":24}},"34":{"start":{"line":110,"column":21},"end":{"line":114,"column":8}},"35":{"start":{"line":116,"column":6},"end":{"line":116,"column":20}},"36":{"start":{"line":118,"column":6},"end":{"line":118,"column":23}},"37":{"start":{"line":119,"column":6},"end":{"line":121,"column":9}},"38":{"start":{"line":122,"column":6},"end":{"line":122,"column":20}},"39":{"start":{"line":127,"column":0},"end":{"line":127,"column":32}}},"fnMap":{"0":{"name":"(anonymous_0)","decl":{"start":{"line":12,"column":2},"end":{"line":12,"column":3}},"loc":{"start":{"line":16,"column":10},"end":{"line":45,"column":3}},"line":16},"1":{"name":"(anonymous_1)","decl":{"start":{"line":47,"column":2},"end":{"line":47,"column":3}},"loc":{"start":{"line":47,"column":28},"end":{"line":62,"column":3}},"line":47},"2":{"name":"(anonymous_2)","decl":{"start":{"line":64,"column":2},"end":{"line":64,"column":3}},"loc":{"start":{"line":64,"column":31},"end":{"line":83,"column":3}},"line":64},"3":{"name":"(anonymous_3)","decl":{"start":{"line":85,"column":2},"end":{"line":85,"column":3}},"loc":{"start":{"line":85,"column":40},"end":{"line":102,"column":3}},"line":85},"4":{"name":"(anonymous_4)","decl":{"start":{"line":104,"column":2},"end":{"line":104,"column":3}},"loc":{"start":{"line":104,"column":28},"end":{"line":124,"column":3}},"line":104}},"branchMap":{"0":{"loc":{"start":{"line":12,"column":23},"end":{"line":16,"column":8}},"type":"default-arg","locations":[{"start":{"line":16,"column":6},"end":{"line":16,"column":8}}],"line":12},"1":{"loc":{"start":{"line":13,"column":4},"end":{"line":13,"column":15}},"type":"default-arg","locations":[{"start":{"line":13,"column":14},"end":{"line":13,"column":15}}],"line":13},"2":{"loc":{"start":{"line":14,"column":4},"end":{"line":14,"column":17}},"type":"default-arg","locations":[{"start":{"line":14,"column":15},"end":{"line":14,"column":17}}],"line":14},"3":{"loc":{"start":{"line":15,"column":4},"end":{"line":15,"column":13}},"type":"default-arg","locations":[{"start":{"line":15,"column":11},"end":{"line":15,"column":13}}],"line":15},"4":{"loc":{"start":{"line":22,"column":16},"end":{"line":22,"column":60}},"type":"cond-expr","locations":[{"start":{"line":22,"column":32},"end":{"line":22,"column":33}},{"start":{"line":22,"column":36},"end":{"line":22,"column":60}}],"line":22},"5":{"loc":{"start":{"line":32,"column":27},"end":{"line":32,"column":37}},"type":"binary-expr","locations":[{"start":{"line":32,"column":27},"end":{"line":32,"column":31}},{"start":{"line":32,"column":35},"end":{"line":32,"column":37}}],"line":32}},"s":{"0":1,"1":1,"2":1,"3":2,"4":2,"5":2,"6":2,"7":0,"8":0,"9":0,"10":0,"11":0,"12":0,"13":0,"14":0,"15":0,"16":0,"17":4,"18":4,"19":4,"20":4,"21":0,"22":0,"23":0,"24":0,"25":0,"26":0,"27":0,"28":0,"29":0,"30":0,"31":0,"32":0,"33":0,"34":0,"35":0,"36":0,"37":0,"38":0,"39":1},"f":{"0":2,"1":0,"2":4,"3":0,"4":0},"b":{"0":[0],"1":[0],"2":[0],"3":[1],"4":[1,1],"5":[2,2]},"_coverageSchema":"43e27e138ebf9cfc5966b082cf9a028302ed4184","hash":"b94e9676619d25583cadd2793c7eec23521fb5e6","contentHash":"066648fc7946dafc3d39651747ac249d1cc11b369ac6a60cb5be8fada82b91de"}
,"/Users/codeman/design/student_elective_system/app/utils/rule.js": {"path":"/Users/codeman/design/student_elective_system/app/utils/rule.js","statementMap":{"0":{"start":{"line":3,"column":0},"end":{"line":340,"column":2}}},"fnMap":{},"branchMap":{},"s":{"0":1},"f":{},"b":{},"_coverageSchema":"43e27e138ebf9cfc5966b082cf9a028302ed4184","hash":"f939b8f7da3ddb5523f61ceb8bb696fdf2f31061","contentHash":"e29ae7a26c3c905098409574e6111da32943cd2cb25de814028181f46fa815ed"}
,"/Users/codeman/design/student_elective_system/app/utils/status.js": {"path":"/Users/codeman/design/student_elective_system/app/utils/status.js","statementMap":{"0":{"start":{"line":3,"column":0},"end":{"line":32,"column":2}}},"fnMap":{},"branchMap":{},"s":{"0":1},"f":{},"b":{},"_coverageSchema":"43e27e138ebf9cfc5966b082cf9a028302ed4184","hash":"bcde7e48a7aa40c7701797e192a84edc22a38ac3","contentHash":"d2207ddabe97929110955dfd920e05effc82d16debf24cef87497bbdc6c74e91"}
,"/Users/codeman/design/student_elective_system/config/config.default.js": {"path":"/Users/codeman/design/student_elective_system/config/config.default.js","statementMap":{"0":{"start":{"line":3,"column":24},"end":{"line":3,"column":53}},"1":{"start":{"line":5,"column":0},"end":{"line":88,"column":2}},"2":{"start":{"line":6,"column":17},"end":{"line":6,"column":29}},"3":{"start":{"line":9,"column":2},"end":{"line":9,"column":53}},"4":{"start":{"line":13,"column":2},"end":{"line":13,"column":41}},"5":{"start":{"line":15,"column":2},"end":{"line":17,"column":4}},"6":{"start":{"line":20,"column":2},"end":{"line":38,"column":4}},"7":{"start":{"line":41,"column":2},"end":{"line":49,"column":4}},"8":{"start":{"line":52,"column":2},"end":{"line":55,"column":4}},"9":{"start":{"line":58,"column":2},"end":{"line":60,"column":4}},"10":{"start":{"line":63,"column":2},"end":{"line":66,"column":4}},"11":{"start":{"line":69,"column":2},"end":{"line":83,"column":4}},"12":{"start":{"line":85,"column":2},"end":{"line":85,"column":37}},"13":{"start":{"line":87,"column":2},"end":{"line":87,"column":16}}},"fnMap":{"0":{"name":"(anonymous_0)","decl":{"start":{"line":5,"column":17},"end":{"line":5,"column":18}},"loc":{"start":{"line":5,"column":28},"end":{"line":88,"column":1}},"line":5}},"branchMap":{},"s":{"0":1,"1":1,"2":4,"3":4,"4":4,"5":4,"6":4,"7":4,"8":4,"9":4,"10":4,"11":4,"12":4,"13":4},"f":{"0":4},"b":{},"_coverageSchema":"43e27e138ebf9cfc5966b082cf9a028302ed4184","hash":"61617b52873503c8d58bc754e84af2dc437e5cb9","contentHash":"1aea20ce40215073f4433e10080d8797697187e53c843d52d42e3e7173eed9da"}
,"/Users/codeman/design/student_elective_system/config/plugin.js": {"path":"/Users/codeman/design/student_elective_system/config/plugin.js","statementMap":{"0":{"start":{"line":5,"column":0},"end":{"line":8,"column":2}},"1":{"start":{"line":9,"column":0},"end":{"line":12,"column":2}},"2":{"start":{"line":13,"column":0},"end":{"line":16,"column":2}},"3":{"start":{"line":17,"column":0},"end":{"line":20,"column":2}},"4":{"start":{"line":21,"column":0},"end":{"line":24,"column":2}},"5":{"start":{"line":25,"column":0},"end":{"line":28,"column":2}}},"fnMap":{},"branchMap":{},"s":{"0":1,"1":1,"2":1,"3":1,"4":1,"5":1},"f":{},"b":{},"_coverageSchema":"43e27e138ebf9cfc5966b082cf9a028302ed4184","hash":"ce7e4c3194afa47dc8716b7f5910023a91f23f12","contentHash":"6b98c9ffcf0046fa5f7875c64b8bc2f955e9954c4e80ba13c1a2f47f4fe91455"}
}
