{"total": {"lines":{"total":997,"covered":458,"skipped":0,"pct":45.94},"statements":{"total":1003,"covered":460,"skipped":0,"pct":45.86},"functions":{"total":110,"covered":64,"skipped":0,"pct":58.18},"branches":{"total":345,"covered":145,"skipped":0,"pct":42.03}}
,"/Users/codeman/design/student_elective_system/app/router.js": {"lines":{"total":69,"covered":69,"skipped":0,"pct":100},"functions":{"total":1,"covered":1,"skipped":0,"pct":100},"statements":{"total":69,"covered":69,"skipped":0,"pct":100},"branches":{"total":0,"covered":0,"skipped":0,"pct":100}}
,"/Users/codeman/design/student_elective_system/app/controller/admin.js": {"lines":{"total":26,"covered":4,"skipped":0,"pct":15.38},"functions":{"total":3,"covered":0,"skipped":0,"pct":0},"statements":{"total":26,"covered":4,"skipped":0,"pct":15.38},"branches":{"total":8,"covered":0,"skipped":0,"pct":0}}
,"/Users/codeman/design/student_elective_system/app/controller/course.js": {"lines":{"total":48,"covered":23,"skipped":0,"pct":47.92},"functions":{"total":5,"covered":3,"skipped":0,"pct":60},"statements":{"total":48,"covered":23,"skipped":0,"pct":47.92},"branches":{"total":24,"covered":9,"skipped":0,"pct":37.5}}
,"/Users/codeman/design/student_elective_system/app/controller/dept.js": {"lines":{"total":36,"covered":18,"skipped":0,"pct":50},"functions":{"total":5,"covered":3,"skipped":0,"pct":60},"statements":{"total":36,"covered":18,"skipped":0,"pct":50},"branches":{"total":12,"covered":6,"skipped":0,"pct":50}}
,"/Users/codeman/design/student_elective_system/app/controller/login.js": {"lines":{"total":50,"covered":5,"skipped":0,"pct":10},"functions":{"total":1,"covered":0,"skipped":0,"pct":0},"statements":{"total":50,"covered":5,"skipped":0,"pct":10},"branches":{"total":20,"covered":0,"skipped":0,"pct":0}}
,"/Users/codeman/design/student_elective_system/app/controller/major.js": {"lines":{"total":44,"covered":21,"skipped":0,"pct":47.73},"functions":{"total":5,"covered":3,"skipped":0,"pct":60},"statements":{"total":44,"covered":21,"skipped":0,"pct":47.73},"branches":{"total":16,"covered":6,"skipped":0,"pct":37.5}}
,"/Users/codeman/design/student_elective_system/app/controller/student.js": {"lines":{"total":48,"covered":22,"skipped":0,"pct":45.83},"functions":{"total":5,"covered":3,"skipped":0,"pct":60},"statements":{"total":48,"covered":22,"skipped":0,"pct":45.83},"branches":{"total":20,"covered":7,"skipped":0,"pct":35}}
,"/Users/codeman/design/student_elective_system/app/controller/studentCourse.js": {"lines":{"total":63,"covered":35,"skipped":0,"pct":55.56},"functions":{"total":4,"covered":2,"skipped":0,"pct":50},"statements":{"total":64,"covered":35,"skipped":0,"pct":54.69},"branches":{"total":54,"covered":27,"skipped":0,"pct":50}}
,"/Users/codeman/design/student_elective_system/app/controller/teacher.js": {"lines":{"total":46,"covered":21,"skipped":0,"pct":45.65},"functions":{"total":5,"covered":3,"skipped":0,"pct":60},"statements":{"total":46,"covered":21,"skipped":0,"pct":45.65},"branches":{"total":16,"covered":7,"skipped":0,"pct":43.75}}
,"/Users/codeman/design/student_elective_system/app/controller/user.js": {"lines":{"total":86,"covered":13,"skipped":0,"pct":15.12},"functions":{"total":3,"covered":1,"skipped":0,"pct":33.33},"statements":{"total":86,"covered":13,"skipped":0,"pct":15.12},"branches":{"total":28,"covered":1,"skipped":0,"pct":3.57}}
,"/Users/codeman/design/student_elective_system/app/extend/helper.js": {"lines":{"total":57,"covered":39,"skipped":0,"pct":68.42},"functions":{"total":10,"covered":6,"skipped":0,"pct":60},"statements":{"total":62,"covered":41,"skipped":0,"pct":66.13},"branches":{"total":51,"covered":28,"skipped":0,"pct":54.9}}
,"/Users/codeman/design/student_elective_system/app/middleware/check_rule.js": {"lines":{"total":7,"covered":6,"skipped":0,"pct":85.71},"functions":{"total":2,"covered":2,"skipped":0,"pct":100},"statements":{"total":7,"covered":6,"skipped":0,"pct":85.71},"branches":{"total":4,"covered":3,"skipped":0,"pct":75}}
,"/Users/codeman/design/student_elective_system/app/middleware/error_handler.js": {"lines":{"total":28,"covered":9,"skipped":0,"pct":32.14},"functions":{"total":2,"covered":2,"skipped":0,"pct":100},"statements":{"total":28,"covered":9,"skipped":0,"pct":32.14},"branches":{"total":14,"covered":1,"skipped":0,"pct":7.14}}
,"/Users/codeman/design/student_elective_system/app/model/Admin.js": {"lines":{"total":4,"covered":4,"skipped":0,"pct":100},"functions":{"total":1,"covered":1,"skipped":0,"pct":100},"statements":{"total":4,"covered":4,"skipped":0,"pct":100},"branches":{"total":0,"covered":0,"skipped":0,"pct":100}}
,"/Users/codeman/design/student_elective_system/app/model/Course.js": {"lines":{"total":7,"covered":7,"skipped":0,"pct":100},"functions":{"total":2,"covered":2,"skipped":0,"pct":100},"statements":{"total":7,"covered":7,"skipped":0,"pct":100},"branches":{"total":0,"covered":0,"skipped":0,"pct":100}}
,"/Users/codeman/design/student_elective_system/app/model/Dept.js": {"lines":{"total":6,"covered":6,"skipped":0,"pct":100},"functions":{"total":2,"covered":2,"skipped":0,"pct":100},"statements":{"total":6,"covered":6,"skipped":0,"pct":100},"branches":{"total":0,"covered":0,"skipped":0,"pct":100}}
,"/Users/codeman/design/student_elective_system/app/model/Major.js": {"lines":{"total":7,"covered":7,"skipped":0,"pct":100},"functions":{"total":2,"covered":2,"skipped":0,"pct":100},"statements":{"total":7,"covered":7,"skipped":0,"pct":100},"branches":{"total":0,"covered":0,"skipped":0,"pct":100}}
,"/Users/codeman/design/student_elective_system/app/model/Student.js": {"lines":{"total":9,"covered":9,"skipped":0,"pct":100},"functions":{"total":3,"covered":3,"skipped":0,"pct":100},"statements":{"total":9,"covered":9,"skipped":0,"pct":100},"branches":{"total":2,"covered":1,"skipped":0,"pct":50}}
,"/Users/codeman/design/student_elective_system/app/model/StudentCourse.js": {"lines":{"total":7,"covered":7,"skipped":0,"pct":100},"functions":{"total":2,"covered":2,"skipped":0,"pct":100},"statements":{"total":7,"covered":7,"skipped":0,"pct":100},"branches":{"total":0,"covered":0,"skipped":0,"pct":100}}
,"/Users/codeman/design/student_elective_system/app/model/Teacher.js": {"lines":{"total":8,"covered":8,"skipped":0,"pct":100},"functions":{"total":3,"covered":3,"skipped":0,"pct":100},"statements":{"total":8,"covered":8,"skipped":0,"pct":100},"branches":{"total":2,"covered":1,"skipped":0,"pct":50}}
,"/Users/codeman/design/student_elective_system/app/service/admin.js": {"lines":{"total":31,"covered":7,"skipped":0,"pct":22.58},"functions":{"total":4,"covered":1,"skipped":0,"pct":25},"statements":{"total":31,"covered":7,"skipped":0,"pct":22.58},"branches":{"total":5,"covered":0,"skipped":0,"pct":0}}
,"/Users/codeman/design/student_elective_system/app/service/course.js": {"lines":{"total":39,"covered":16,"skipped":0,"pct":41.03},"functions":{"total":5,"covered":3,"skipped":0,"pct":60},"statements":{"total":39,"covered":16,"skipped":0,"pct":41.03},"branches":{"total":14,"covered":11,"skipped":0,"pct":78.57}}
,"/Users/codeman/design/student_elective_system/app/service/dept.js": {"lines":{"total":39,"covered":12,"skipped":0,"pct":30.77},"functions":{"total":5,"covered":2,"skipped":0,"pct":40},"statements":{"total":39,"covered":12,"skipped":0,"pct":30.77},"branches":{"total":8,"covered":5,"skipped":0,"pct":62.5}}
,"/Users/codeman/design/student_elective_system/app/service/jwt.js": {"lines":{"total":18,"covered":16,"skipped":0,"pct":88.89},"functions":{"total":4,"covered":4,"skipped":0,"pct":100},"statements":{"total":18,"covered":16,"skipped":0,"pct":88.89},"branches":{"total":4,"covered":2,"skipped":0,"pct":50}}
,"/Users/codeman/design/student_elective_system/app/service/major.js": {"lines":{"total":46,"covered":12,"skipped":0,"pct":26.09},"functions":{"total":6,"covered":2,"skipped":0,"pct":33.33},"statements":{"total":46,"covered":12,"skipped":0,"pct":26.09},"branches":{"total":8,"covered":5,"skipped":0,"pct":62.5}}
,"/Users/codeman/design/student_elective_system/app/service/student.js": {"lines":{"total":39,"covered":12,"skipped":0,"pct":30.77},"functions":{"total":5,"covered":2,"skipped":0,"pct":40},"statements":{"total":39,"covered":12,"skipped":0,"pct":30.77},"branches":{"total":8,"covered":5,"skipped":0,"pct":62.5}}
,"/Users/codeman/design/student_elective_system/app/service/studentCourse.js": {"lines":{"total":67,"covered":16,"skipped":0,"pct":23.88},"functions":{"total":9,"covered":3,"skipped":0,"pct":33.33},"statements":{"total":67,"covered":16,"skipped":0,"pct":23.88},"branches":{"total":19,"covered":15,"skipped":0,"pct":78.95}}
,"/Users/codeman/design/student_elective_system/app/service/teacher.js": {"lines":{"total":40,"covered":12,"skipped":0,"pct":30},"functions":{"total":5,"covered":2,"skipped":0,"pct":40},"statements":{"total":40,"covered":12,"skipped":0,"pct":30},"branches":{"total":8,"covered":5,"skipped":0,"pct":62.5}}
,"/Users/codeman/design/student_elective_system/app/utils/rule.js": {"lines":{"total":1,"covered":1,"skipped":0,"pct":100},"functions":{"total":0,"covered":0,"skipped":0,"pct":100},"statements":{"total":1,"covered":1,"skipped":0,"pct":100},"branches":{"total":0,"covered":0,"skipped":0,"pct":100}}
,"/Users/codeman/design/student_elective_system/app/utils/status.js": {"lines":{"total":1,"covered":1,"skipped":0,"pct":100},"functions":{"total":0,"covered":0,"skipped":0,"pct":100},"statements":{"total":1,"covered":1,"skipped":0,"pct":100},"branches":{"total":0,"covered":0,"skipped":0,"pct":100}}
,"/Users/codeman/design/student_elective_system/config/config.default.js": {"lines":{"total":14,"covered":14,"skipped":0,"pct":100},"functions":{"total":1,"covered":1,"skipped":0,"pct":100},"statements":{"total":14,"covered":14,"skipped":0,"pct":100},"branches":{"total":0,"covered":0,"skipped":0,"pct":100}}
,"/Users/codeman/design/student_elective_system/config/plugin.js": {"lines":{"total":6,"covered":6,"skipped":0,"pct":100},"functions":{"total":0,"covered":0,"skipped":0,"pct":100},"statements":{"total":6,"covered":6,"skipped":0,"pct":100},"branches":{"total":0,"covered":0,"skipped":0,"pct":100}}
}
