TN:
SF:/Users/codeman/design/student_elective_system/app/router.js
FN:6,(anonymous_0)
FNF:1
FNH:1
FNDA:1,(anonymous_0)
DA:6,1
DA:11,1
DA:14,1
DA:15,1
DA:90,1
DA:91,1
DA:122,1
DA:123,1
DA:177,1
DA:178,1
DA:221,1
DA:224,1
DA:225,1
DA:275,1
DA:276,1
DA:313,1
DA:314,1
DA:372,1
DA:373,1
DA:431,1
DA:432,1
DA:480,1
DA:481,1
DA:531,1
DA:532,1
DA:569,1
DA:570,1
DA:632,1
DA:633,1
DA:695,1
DA:696,1
DA:744,1
DA:745,1
DA:807,1
DA:808,1
DA:845,1
DA:846,1
DA:916,1
DA:917,1
DA:987,1
DA:988,1
DA:1036,1
DA:1037,1
DA:1087,1
DA:1088,1
DA:1125,1
DA:1126,1
DA:1196,1
DA:1197,1
DA:1267,1
DA:1268,1
DA:1316,1
DA:1317,1
DA:1367,1
DA:1368,1
DA:1405,1
DA:1406,1
DA:1480,1
DA:1481,1
DA:1555,1
DA:1556,1
DA:1604,1
DA:1605,1
DA:1679,1
DA:1680,1
DA:1734,1
DA:1735,1
DA:1797,1
DA:1798,1
LF:69
LH:69
BRF:0
BRH:0
end_of_record
TN:
SF:/Users/codeman/design/student_elective_system/app/controller/admin.js
FN:14,(anonymous_0)
FN:30,(anonymous_1)
FN:45,(anonymous_2)
FNF:3
FNH:0
FNDA:0,(anonymous_0)
FNDA:0,(anonymous_1)
FNDA:0,(anonymous_2)
DA:3,1
DA:7,1
DA:10,1
DA:17,0
DA:19,0
DA:24,0
DA:25,0
DA:26,0
DA:33,0
DA:35,0
DA:37,0
DA:39,0
DA:41,0
DA:48,0
DA:49,0
DA:51,0
DA:52,0
DA:54,0
DA:56,0
DA:57,0
DA:59,0
DA:60,0
DA:63,0
DA:65,0
DA:67,0
DA:72,1
LF:26
LH:4
BRDA:20,0,0,0
BRDA:20,0,1,0
BRDA:21,1,0,0
BRDA:21,1,1,0
BRDA:56,2,0,0
BRDA:56,2,1,0
BRDA:59,3,0,0
BRDA:59,3,1,0
BRF:8
BRH:0
end_of_record
TN:
SF:/Users/codeman/design/student_elective_system/app/controller/course.js
FN:14,(anonymous_0)
FN:34,(anonymous_1)
FN:75,(anonymous_2)
FN:87,(anonymous_3)
FN:106,(anonymous_4)
FNF:5
FNH:3
FNDA:1,(anonymous_0)
FNDA:1,(anonymous_1)
FNDA:1,(anonymous_2)
FNDA:0,(anonymous_3)
FNDA:0,(anonymous_4)
DA:3,1
DA:7,1
DA:10,1
DA:17,1
DA:19,1
DA:21,1
DA:29,1
DA:30,1
DA:37,1
DA:39,1
DA:40,1
DA:41,1
DA:43,1
DA:45,1
DA:47,1
DA:48,1
DA:50,1
DA:51,0
DA:52,0
DA:53,0
DA:54,0
DA:55,0
DA:56,0
DA:57,0
DA:60,0
DA:61,0
DA:64,0
DA:67,0
DA:70,1
DA:78,1
DA:80,1
DA:81,1
DA:83,1
DA:90,0
DA:91,0
DA:92,0
DA:94,0
DA:95,0
DA:97,0
DA:98,0
DA:100,0
DA:101,0
DA:109,0
DA:110,0
DA:112,0
DA:119,0
DA:121,0
DA:125,1
LF:48
LH:23
BRDA:22,0,0,1
BRDA:22,0,1,1
BRDA:23,1,0,1
BRDA:23,1,1,1
BRDA:24,2,0,0
BRDA:24,2,1,1
BRDA:25,3,0,0
BRDA:25,3,1,1
BRDA:26,4,0,0
BRDA:26,4,1,1
BRDA:26,5,0,0
BRDA:26,5,1,0
BRDA:41,6,0,0
BRDA:41,6,1,1
BRDA:50,7,0,0
BRDA:50,7,1,1
BRDA:51,8,0,0
BRDA:51,8,1,0
BRDA:52,9,0,0
BRDA:52,9,1,0
BRDA:60,10,0,0
BRDA:60,10,1,0
BRDA:97,11,0,0
BRDA:97,11,1,0
BRF:24
BRH:9
end_of_record
TN:
SF:/Users/codeman/design/student_elective_system/app/controller/dept.js
FN:14,(anonymous_0)
FN:30,(anonymous_1)
FN:53,(anonymous_2)
FN:75,(anonymous_3)
FN:87,(anonymous_4)
FNF:5
FNH:3
FNDA:1,(anonymous_0)
FNDA:1,(anonymous_1)
FNDA:0,(anonymous_2)
FNDA:1,(anonymous_3)
FNDA:0,(anonymous_4)
DA:3,1
DA:7,1
DA:10,1
DA:17,1
DA:19,1
DA:25,1
DA:26,1
DA:33,1
DA:35,1
DA:36,1
DA:38,1
DA:39,1
DA:40,0
DA:42,0
DA:43,0
DA:46,0
DA:48,1
DA:56,0
DA:57,0
DA:59,0
DA:61,0
DA:63,0
DA:65,0
DA:66,0
DA:68,0
DA:70,0
DA:78,1
DA:80,1
DA:81,1
DA:83,1
DA:90,0
DA:91,0
DA:93,0
DA:100,0
DA:102,0
DA:107,1
LF:36
LH:18
BRDA:20,0,0,1
BRDA:20,0,1,1
BRDA:21,1,0,1
BRDA:21,1,1,1
BRDA:22,2,0,0
BRDA:22,2,1,1
BRDA:39,3,0,0
BRDA:39,3,1,1
BRDA:42,4,0,0
BRDA:42,4,1,0
BRDA:65,5,0,0
BRDA:65,5,1,0
BRF:12
BRH:6
end_of_record
TN:
SF:/Users/codeman/design/student_elective_system/app/controller/login.js
FN:14,(anonymous_0)
FNF:1
FNH:0
FNDA:0,(anonymous_0)
DA:3,1
DA:7,1
DA:10,1
DA:11,1
DA:17,0
DA:18,0
DA:19,0
DA:20,0
DA:22,0
DA:23,0
DA:24,0
DA:29,0
DA:30,0
DA:32,0
DA:34,0
DA:36,0
DA:37,0
DA:39,0
DA:40,0
DA:41,0
DA:42,0
DA:43,0
DA:45,0
DA:52,0
DA:54,0
DA:56,0
DA:57,0
DA:59,0
DA:60,0
DA:61,0
DA:62,0
DA:64,0
DA:71,0
DA:73,0
DA:75,0
DA:76,0
DA:78,0
DA:79,0
DA:80,0
DA:81,0
DA:82,0
DA:84,0
DA:91,0
DA:93,0
DA:94,0
DA:97,0
DA:98,0
DA:101,0
DA:102,0
DA:107,1
LF:50
LH:5
BRDA:32,0,0,0
BRDA:32,0,1,0
BRDA:32,0,2,0
BRDA:32,0,3,0
BRDA:39,1,0,0
BRDA:39,1,1,0
BRDA:42,2,0,0
BRDA:42,2,1,0
BRDA:59,3,0,0
BRDA:59,3,1,0
BRDA:61,4,0,0
BRDA:61,4,1,0
BRDA:78,5,0,0
BRDA:78,5,1,0
BRDA:81,6,0,0
BRDA:81,6,1,0
BRDA:97,7,0,0
BRDA:97,7,1,0
BRDA:101,8,0,0
BRDA:101,8,1,0
BRF:20
BRH:0
end_of_record
TN:
SF:/Users/codeman/design/student_elective_system/app/controller/major.js
FN:15,(anonymous_0)
FN:31,(anonymous_1)
FN:61,(anonymous_2)
FN:73,(anonymous_3)
FN:98,(anonymous_4)
FNF:5
FNH:3
FNDA:1,(anonymous_0)
FNDA:1,(anonymous_1)
FNDA:1,(anonymous_2)
FNDA:0,(anonymous_3)
FNDA:0,(anonymous_4)
DA:3,1
DA:7,1
DA:10,1
DA:11,1
DA:18,1
DA:20,1
DA:26,1
DA:27,1
DA:34,1
DA:35,1
DA:37,1
DA:39,1
DA:41,1
DA:42,1
DA:44,1
DA:45,0
DA:46,0
DA:47,0
DA:49,0
DA:50,0
DA:53,0
DA:56,1
DA:64,1
DA:66,1
DA:67,1
DA:69,1
DA:76,0
DA:77,0
DA:79,0
DA:81,0
DA:82,0
DA:84,0
DA:86,0
DA:87,0
DA:88,0
DA:89,0
DA:90,0
DA:92,0
DA:101,0
DA:102,0
DA:104,0
DA:111,0
DA:113,0
DA:117,1
LF:44
LH:21
BRDA:21,0,0,1
BRDA:21,0,1,1
BRDA:22,1,0,1
BRDA:22,1,1,1
BRDA:23,2,0,0
BRDA:23,2,1,1
BRDA:44,3,0,0
BRDA:44,3,1,1
BRDA:45,4,0,0
BRDA:45,4,1,0
BRDA:49,5,0,0
BRDA:49,5,1,0
BRDA:81,6,0,0
BRDA:81,6,1,0
BRDA:86,7,0,0
BRDA:86,7,1,0
BRF:16
BRH:6
end_of_record
TN:
SF:/Users/codeman/design/student_elective_system/app/controller/student.js
FN:14,(anonymous_0)
FN:30,(anonymous_1)
FN:63,(anonymous_2)
FN:75,(anonymous_3)
FN:101,(anonymous_4)
FNF:5
FNH:3
FNDA:1,(anonymous_0)
FNDA:1,(anonymous_1)
FNDA:1,(anonymous_2)
FNDA:0,(anonymous_3)
FNDA:0,(anonymous_4)
DA:3,1
DA:7,1
DA:10,1
DA:17,1
DA:19,1
DA:25,1
DA:26,1
DA:33,1
DA:34,1
DA:36,1
DA:37,1
DA:39,1
DA:41,1
DA:42,1
DA:44,1
DA:45,0
DA:46,0
DA:47,0
DA:49,0
DA:51,0
DA:52,0
DA:55,0
DA:58,1
DA:66,1
DA:68,1
DA:69,1
DA:70,1
DA:72,1
DA:78,0
DA:79,0
DA:80,0
DA:82,0
DA:83,0
DA:84,0
DA:85,0
DA:86,0
DA:87,0
DA:88,0
DA:90,0
DA:91,0
DA:93,0
DA:96,0
DA:104,0
DA:105,0
DA:107,0
DA:114,0
DA:116,0
DA:120,1
LF:48
LH:22
BRDA:20,0,0,1
BRDA:20,0,1,1
BRDA:21,1,0,1
BRDA:21,1,1,1
BRDA:22,2,0,0
BRDA:22,2,1,1
BRDA:36,3,0,1
BRDA:36,3,1,0
BRDA:44,4,0,0
BRDA:44,4,1,1
BRDA:45,5,0,0
BRDA:45,5,1,0
BRDA:51,6,0,0
BRDA:51,6,1,0
BRDA:83,7,0,0
BRDA:83,7,1,0
BRDA:84,8,0,0
BRDA:84,8,1,0
BRDA:84,9,0,0
BRDA:84,9,1,0
BRF:20
BRH:7
end_of_record
TN:
SF:/Users/codeman/design/student_elective_system/app/controller/studentCourse.js
FN:14,(anonymous_0)
FN:51,(anonymous_1)
FN:106,(anonymous_2)
FN:124,(anonymous_3)
FNF:4
FNH:2
FNDA:1,(anonymous_0)
FNDA:1,(anonymous_1)
FNDA:0,(anonymous_2)
FNDA:0,(anonymous_3)
DA:3,1
DA:7,1
DA:10,1
DA:17,1
DA:19,1
DA:21,1
DA:30,1
DA:31,0
DA:32,0
DA:34,1
DA:35,0
DA:36,0
DA:38,1
DA:39,1
DA:40,1
DA:43,1
DA:44,1
DA:45,0
DA:47,1
DA:54,1
DA:55,1
DA:56,1
DA:57,1
DA:68,1
DA:70,1
DA:71,1
DA:72,1
DA:73,1
DA:74,0
DA:76,1
DA:77,0
DA:80,1
DA:81,1
DA:82,1
DA:83,0
DA:85,1
DA:93,1
DA:94,1
DA:95,1
DA:98,1
DA:99,1
DA:100,1
DA:109,0
DA:110,0
DA:112,0
DA:113,0
DA:114,0
DA:115,0
DA:116,0
DA:118,0
DA:119,0
DA:127,0
DA:128,0
DA:129,0
DA:140,0
DA:142,0
DA:143,0
DA:144,0
DA:146,0
DA:147,0
DA:148,0
DA:150,0
DA:156,1
LF:63
LH:35
BRDA:22,0,0,1
BRDA:22,0,1,1
BRDA:23,1,0,1
BRDA:23,1,1,1
BRDA:24,2,0,0
BRDA:24,2,1,1
BRDA:25,3,0,0
BRDA:25,3,1,1
BRDA:26,4,0,0
BRDA:26,4,1,1
BRDA:27,5,0,0
BRDA:27,5,1,1
BRDA:30,6,0,0
BRDA:30,6,1,1
BRDA:30,7,0,1
BRDA:30,7,1,0
BRDA:34,8,0,0
BRDA:34,8,1,1
BRDA:34,9,0,1
BRDA:34,9,1,0
BRDA:38,10,0,1
BRDA:38,10,1,0
BRDA:44,11,0,0
BRDA:44,11,1,1
BRDA:57,12,0,1
BRDA:57,12,1,0
BRDA:71,13,0,1
BRDA:71,13,1,0
BRDA:73,14,0,0
BRDA:73,14,1,1
BRDA:76,15,0,0
BRDA:76,15,1,1
BRDA:80,16,0,1
BRDA:80,16,1,0
BRDA:80,17,0,1
BRDA:80,17,1,1
BRDA:82,18,0,0
BRDA:82,18,1,1
BRDA:86,19,0,1
BRDA:86,19,1,0
BRDA:88,20,0,1
BRDA:88,20,1,0
BRDA:89,21,0,1
BRDA:89,21,1,0
BRDA:90,22,0,1
BRDA:90,22,1,0
BRDA:99,23,0,0
BRDA:99,23,1,1
BRDA:115,24,0,0
BRDA:115,24,1,0
BRDA:143,25,0,0
BRDA:143,25,1,0
BRDA:146,26,0,0
BRDA:146,26,1,0
BRF:54
BRH:27
end_of_record
TN:
SF:/Users/codeman/design/student_elective_system/app/controller/teacher.js
FN:14,(anonymous_0)
FN:30,(anonymous_1)
FN:58,(anonymous_2)
FN:70,(anonymous_3)
FN:97,(anonymous_4)
FNF:5
FNH:3
FNDA:1,(anonymous_0)
FNDA:1,(anonymous_1)
FNDA:1,(anonymous_2)
FNDA:0,(anonymous_3)
FNDA:0,(anonymous_4)
DA:3,1
DA:7,1
DA:10,1
DA:17,1
DA:19,1
DA:25,1
DA:26,1
DA:33,1
DA:34,1
DA:36,1
DA:37,1
DA:39,1
DA:41,1
DA:43,1
DA:44,0
DA:45,0
DA:47,0
DA:49,0
DA:50,0
DA:53,1
DA:61,1
DA:63,1
DA:64,1
DA:65,1
DA:67,1
DA:73,0
DA:74,0
DA:75,0
DA:77,0
DA:78,0
DA:79,0
DA:80,0
DA:81,0
DA:82,0
DA:83,0
DA:84,0
DA:86,0
DA:87,0
DA:89,0
DA:92,0
DA:100,0
DA:101,0
DA:103,0
DA:110,0
DA:112,0
DA:116,1
LF:46
LH:21
BRDA:20,0,0,1
BRDA:20,0,1,1
BRDA:21,1,0,1
BRDA:21,1,1,1
BRDA:22,2,0,0
BRDA:22,2,1,1
BRDA:36,3,0,1
BRDA:36,3,1,0
BRDA:43,4,0,0
BRDA:43,4,1,1
BRDA:49,5,0,0
BRDA:49,5,1,0
BRDA:78,6,0,0
BRDA:78,6,1,0
BRDA:79,7,0,0
BRDA:79,7,1,0
BRF:16
BRH:7
end_of_record
TN:
SF:/Users/codeman/design/student_elective_system/app/controller/user.js
FN:16,(anonymous_0)
FN:42,(anonymous_1)
FN:96,(anonymous_2)
FNF:3
FNH:1
FNDA:1,(anonymous_0)
FNDA:0,(anonymous_1)
FNDA:0,(anonymous_2)
DA:3,1
DA:6,1
DA:12,1
DA:13,1
DA:19,1
DA:21,1
DA:22,1
DA:24,1
DA:26,1
DA:27,1
DA:29,0
DA:30,0
DA:32,0
DA:33,0
DA:35,0
DA:38,1
DA:39,1
DA:45,0
DA:47,0
DA:48,0
DA:49,0
DA:50,0
DA:51,0
DA:53,0
DA:55,0
DA:56,0
DA:57,0
DA:59,0
DA:60,0
DA:61,0
DA:63,0
DA:64,0
DA:65,0
DA:67,0
DA:70,0
DA:71,0
DA:73,0
DA:74,0
DA:75,0
DA:77,0
DA:78,0
DA:79,0
DA:80,0
DA:81,0
DA:83,0
DA:84,0
DA:85,0
DA:86,0
DA:87,0
DA:89,0
DA:91,0
DA:92,0
DA:99,0
DA:101,0
DA:102,0
DA:104,0
DA:108,0
DA:109,0
DA:111,0
DA:112,0
DA:113,0
DA:115,0
DA:116,0
DA:118,0
DA:119,0
DA:121,0
DA:122,0
DA:124,0
DA:127,0
DA:130,0
DA:131,0
DA:132,0
DA:133,0
DA:135,0
DA:136,0
DA:137,0
DA:139,0
DA:140,0
DA:141,0
DA:143,0
DA:144,0
DA:145,0
DA:147,0
DA:149,0
DA:152,0
DA:159,1
LF:86
LH:13
BRDA:24,0,0,1
BRDA:24,0,1,0
BRDA:24,0,2,0
BRDA:24,0,3,0
BRDA:53,1,0,0
BRDA:53,1,1,0
BRDA:53,1,2,0
BRDA:53,1,3,0
BRDA:70,2,0,0
BRDA:70,2,1,0
BRDA:71,3,0,0
BRDA:71,3,1,0
BRDA:71,3,2,0
BRDA:71,3,3,0
BRDA:112,4,0,0
BRDA:112,4,1,0
BRDA:113,5,0,0
BRDA:113,5,1,0
BRDA:113,5,2,0
BRDA:113,5,3,0
BRDA:130,6,0,0
BRDA:130,6,1,0
BRDA:132,7,0,0
BRDA:132,7,1,0
BRDA:133,8,0,0
BRDA:133,8,1,0
BRDA:133,8,2,0
BRDA:133,8,3,0
BRF:28
BRH:1
end_of_record
TN:
SF:/Users/codeman/design/student_elective_system/app/extend/helper.js
FN:12,(anonymous_0)
FN:18,(anonymous_1)
FN:59,(anonymous_2)
FN:67,(anonymous_3)
FN:77,(anonymous_4)
FN:82,(anonymous_5)
FN:87,(anonymous_6)
FN:92,(anonymous_7)
FN:102,(anonymous_8)
FN:104,(anonymous_9)
FNF:10
FNH:6
FNDA:41,(anonymous_0)
FNDA:18,(anonymous_1)
FNDA:23,(anonymous_2)
FNDA:18,(anonymous_3)
FNDA:2,(anonymous_4)
FNDA:0,(anonymous_5)
FNDA:3,(anonymous_6)
FNDA:0,(anonymous_7)
FNDA:0,(anonymous_8)
FNDA:0,(anonymous_9)
DA:3,1
DA:4,1
DA:9,1
DA:10,1
DA:12,1
DA:13,41
DA:14,41
DA:18,1
DA:19,18
DA:20,18
DA:21,18
DA:23,18
DA:24,0
DA:25,0
DA:28,18
DA:30,18
DA:31,18
DA:33,18
DA:34,5
DA:36,18
DA:37,7
DA:40,18
DA:41,18
DA:42,0
DA:43,0
DA:46,0
DA:47,0
DA:50,18
DA:51,0
DA:52,0
DA:55,18
DA:59,1
DA:60,23
DA:61,23
DA:62,23
DA:67,1
DA:68,18
DA:73,18
DA:77,1
DA:78,2
DA:82,1
DA:83,0
DA:87,1
DA:88,3
DA:89,3
DA:91,3
DA:92,0
DA:93,0
DA:94,0
DA:98,3
DA:102,1
DA:103,0
DA:104,0
DA:105,0
DA:106,0
DA:107,0
DA:112,0
LF:57
LH:39
BRDA:14,0,0,41
BRDA:14,0,1,41
BRDA:18,1,0,0
BRDA:18,2,0,0
BRDA:21,3,0,18
BRDA:21,3,1,0
BRDA:23,4,0,0
BRDA:23,4,1,18
BRDA:30,5,0,18
BRDA:30,5,1,0
BRDA:31,6,0,18
BRDA:31,6,1,0
BRDA:31,7,0,18
BRDA:31,7,1,18
BRDA:33,8,0,5
BRDA:33,8,1,13
BRDA:34,9,0,0
BRDA:34,9,1,5
BRDA:34,10,0,5
BRDA:34,10,1,5
BRDA:36,11,0,7
BRDA:36,11,1,11
BRDA:37,12,0,0
BRDA:37,12,1,7
BRDA:37,13,0,7
BRDA:37,13,1,7
BRDA:40,14,0,18
BRDA:40,14,1,0
BRDA:41,15,0,0
BRDA:41,15,1,18
BRDA:50,16,0,0
BRDA:50,16,1,18
BRDA:50,17,0,18
BRDA:50,17,1,18
BRDA:67,18,0,0
BRDA:67,19,0,13
BRDA:67,20,0,13
BRDA:88,21,0,3
BRDA:88,21,1,0
BRDA:89,22,0,3
BRDA:89,22,1,0
BRDA:91,23,0,0
BRDA:91,23,1,3
BRDA:93,24,0,0
BRDA:93,24,1,0
BRDA:103,25,0,0
BRDA:103,25,1,0
BRDA:105,26,0,0
BRDA:105,26,1,0
BRDA:105,27,0,0
BRDA:105,27,1,0
BRF:51
BRH:28
end_of_record
TN:
SF:/Users/codeman/design/student_elective_system/app/middleware/check_rule.js
FN:3,(anonymous_0)
FN:4,checkRule
FNF:2
FNH:2
FNDA:32,(anonymous_0)
FNDA:18,checkRule
DA:3,1
DA:4,32
DA:6,18
DA:7,18
DA:9,18
DA:10,18
DA:12,0
LF:7
LH:6
BRDA:9,0,0,18
BRDA:9,0,1,0
BRDA:9,1,0,18
BRDA:9,1,1,18
BRF:4
BRH:3
end_of_record
TN:
SF:/Users/codeman/design/student_elective_system/app/middleware/error_handler.js
FN:10,(anonymous_0)
FN:11,errorHandler
FNF:2
FNH:2
FNDA:1,(anonymous_0)
FNDA:18,errorHandler
DA:8,1
DA:10,1
DA:11,1
DA:12,18
DA:13,18
DA:15,18
DA:16,18
DA:19,18
DA:21,0
DA:23,18
DA:26,0
DA:28,0
DA:30,0
DA:35,0
DA:39,0
DA:41,0
DA:42,0
DA:44,0
DA:49,0
DA:51,0
DA:56,0
DA:58,0
DA:61,0
DA:63,0
DA:64,0
DA:69,0
DA:71,0
DA:74,0
LF:28
LH:9
BRDA:13,0,0,18
BRDA:13,0,1,0
BRDA:28,1,0,0
BRDA:28,1,1,0
BRDA:30,2,0,0
BRDA:30,2,1,0
BRDA:30,3,0,0
BRDA:30,3,1,0
BRDA:39,4,0,0
BRDA:39,4,1,0
BRDA:39,4,2,0
BRDA:39,4,3,0
BRDA:61,5,0,0
BRDA:61,5,1,0
BRF:14
BRH:1
end_of_record
TN:
SF:/Users/codeman/design/student_elective_system/app/model/Admin.js
FN:3,(anonymous_0)
FNF:1
FNH:1
FNDA:2,(anonymous_0)
DA:3,1
DA:9,2
DA:10,2
DA:67,2
LF:4
LH:4
BRF:0
BRH:0
end_of_record
TN:
SF:/Users/codeman/design/student_elective_system/app/model/Course.js
FN:3,(anonymous_0)
FN:82,(anonymous_1)
FNF:2
FNH:2
FNDA:2,(anonymous_0)
FNDA:2,(anonymous_1)
DA:3,1
DA:9,2
DA:10,2
DA:82,2
DA:83,2
DA:88,2
DA:94,2
LF:7
LH:7
BRF:0
BRH:0
end_of_record
TN:
SF:/Users/codeman/design/student_elective_system/app/model/Dept.js
FN:3,(anonymous_0)
FN:44,(anonymous_1)
FNF:2
FNH:2
FNDA:2,(anonymous_0)
FNDA:2,(anonymous_1)
DA:3,1
DA:7,2
DA:8,2
DA:44,2
DA:45,2
DA:51,2
LF:6
LH:6
BRF:0
BRH:0
end_of_record
TN:
SF:/Users/codeman/design/student_elective_system/app/model/Major.js
FN:3,(anonymous_0)
FN:55,(anonymous_1)
FNF:2
FNH:2
FNDA:2,(anonymous_0)
FNDA:2,(anonymous_1)
DA:3,1
DA:8,2
DA:9,2
DA:55,2
DA:56,2
DA:61,2
DA:67,2
LF:7
LH:7
BRF:0
BRH:0
end_of_record
TN:
SF:/Users/codeman/design/student_elective_system/app/model/Student.js
FN:4,(anonymous_0)
FN:70,(anonymous_1)
FN:96,(anonymous_2)
FNF:3
FNH:3
FNDA:2,(anonymous_0)
FNDA:11,(anonymous_1)
FNDA:2,(anonymous_2)
DA:2,1
DA:4,1
DA:11,2
DA:12,2
DA:71,11
DA:96,2
DA:97,2
DA:102,2
DA:108,2
LF:9
LH:9
BRDA:71,0,0,0
BRDA:71,0,1,11
BRF:2
BRH:1
end_of_record
TN:
SF:/Users/codeman/design/student_elective_system/app/model/StudentCourse.js
FN:3,(anonymous_0)
FN:72,(anonymous_1)
FNF:2
FNH:2
FNDA:2,(anonymous_0)
FNDA:2,(anonymous_1)
DA:3,1
DA:9,2
DA:10,2
DA:72,2
DA:73,2
DA:78,2
DA:84,2
LF:7
LH:7
BRF:0
BRH:0
end_of_record
TN:
SF:/Users/codeman/design/student_elective_system/app/model/Teacher.js
FN:4,(anonymous_0)
FN:83,(anonymous_1)
FN:109,(anonymous_2)
FNF:3
FNH:3
FNDA:2,(anonymous_0)
FNDA:11,(anonymous_1)
FNDA:2,(anonymous_2)
DA:2,1
DA:4,1
DA:10,2
DA:11,2
DA:84,11
DA:109,2
DA:110,2
DA:116,2
LF:8
LH:8
BRDA:84,0,0,0
BRDA:84,0,1,11
BRF:2
BRH:1
end_of_record
TN:
SF:/Users/codeman/design/student_elective_system/app/service/admin.js
FN:9,(anonymous_0)
FN:38,(anonymous_1)
FN:55,(anonymous_2)
FN:76,(anonymous_3)
FNF:4
FNH:1
FNDA:0,(anonymous_0)
FNDA:0,(anonymous_1)
FNDA:19,(anonymous_2)
FNDA:0,(anonymous_3)
DA:3,1
DA:6,1
DA:15,0
DA:16,0
DA:17,0
DA:28,0
DA:30,0
DA:31,0
DA:34,0
DA:41,0
DA:42,0
DA:43,0
DA:45,0
DA:47,0
DA:48,0
DA:51,0
DA:58,19
DA:59,19
DA:60,19
DA:66,19
DA:68,0
DA:69,0
DA:72,0
DA:79,0
DA:80,0
DA:81,0
DA:85,0
DA:87,0
DA:88,0
DA:91,0
DA:96,1
LF:31
LH:7
BRDA:9,0,0,0
BRDA:10,1,0,0
BRDA:11,2,0,0
BRDA:18,3,0,0
BRDA:18,3,1,0
BRF:5
BRH:0
end_of_record
TN:
SF:/Users/codeman/design/student_elective_system/app/service/course.js
FN:12,(anonymous_0)
FN:61,(anonymous_1)
FN:78,(anonymous_2)
FN:99,(anonymous_3)
FN:118,(anonymous_4)
FNF:5
FNH:3
FNDA:2,(anonymous_0)
FNDA:0,(anonymous_1)
FNDA:4,(anonymous_2)
FNDA:1,(anonymous_3)
FNDA:0,(anonymous_4)
DA:3,1
DA:6,1
DA:9,1
DA:21,2
DA:22,2
DA:23,2
DA:51,2
DA:53,0
DA:54,0
DA:57,0
DA:64,0
DA:65,0
DA:66,0
DA:68,0
DA:70,0
DA:71,0
DA:74,0
DA:81,4
DA:82,4
DA:83,4
DA:89,4
DA:91,0
DA:92,0
DA:95,0
DA:102,1
DA:103,1
DA:104,1
DA:108,1
DA:110,0
DA:111,0
DA:114,0
DA:121,0
DA:122,0
DA:123,0
DA:129,0
DA:131,0
DA:132,0
DA:135,0
DA:140,1
LF:39
LH:16
BRDA:12,0,0,0
BRDA:13,1,0,0
BRDA:14,2,0,0
BRDA:15,3,0,1
BRDA:16,4,0,1
BRDA:17,5,0,1
BRDA:24,6,0,1
BRDA:24,6,1,1
BRDA:31,7,0,2
BRDA:31,7,1,2
BRDA:34,8,0,2
BRDA:34,8,1,2
BRDA:41,9,0,2
BRDA:41,9,1,2
BRF:14
BRH:11
end_of_record
TN:
SF:/Users/codeman/design/student_elective_system/app/service/dept.js
FN:12,(anonymous_0)
FN:44,(anonymous_1)
FN:61,(anonymous_2)
FN:82,(anonymous_3)
FN:101,(anonymous_4)
FNF:5
FNH:2
FNDA:2,(anonymous_0)
FNDA:0,(anonymous_1)
FNDA:4,(anonymous_2)
FNDA:0,(anonymous_3)
FNDA:0,(anonymous_4)
DA:3,1
DA:6,1
DA:9,1
DA:19,2
DA:20,2
DA:21,2
DA:34,2
DA:36,0
DA:37,0
DA:40,0
DA:47,0
DA:48,0
DA:49,0
DA:51,0
DA:53,0
DA:54,0
DA:57,0
DA:64,4
DA:65,4
DA:66,4
DA:72,4
DA:74,0
DA:75,0
DA:78,0
DA:85,0
DA:86,0
DA:87,0
DA:91,0
DA:93,0
DA:94,0
DA:97,0
DA:104,0
DA:105,0
DA:106,0
DA:112,0
DA:114,0
DA:115,0
DA:118,0
DA:123,1
LF:39
LH:12
BRDA:12,0,0,0
BRDA:13,1,0,0
BRDA:14,2,0,0
BRDA:15,3,0,1
BRDA:22,4,0,1
BRDA:22,4,1,1
BRDA:29,5,0,2
BRDA:29,5,1,2
BRF:8
BRH:5
end_of_record
TN:
SF:/Users/codeman/design/student_elective_system/app/service/jwt.js
FN:11,(anonymous_0)
FN:26,(anonymous_1)
FN:31,(anonymous_2)
FN:32,(anonymous_3)
FNF:4
FNH:4
FNDA:1,(anonymous_0)
FNDA:42,(anonymous_1)
FNDA:42,(anonymous_2)
FNDA:42,(anonymous_3)
DA:3,1
DA:6,1
DA:8,1
DA:14,1
DA:16,1
DA:17,1
DA:20,1
DA:29,42
DA:31,42
DA:32,42
DA:33,42
DA:34,42
DA:42,0
DA:43,0
DA:45,42
DA:46,42
DA:48,42
DA:54,1
LF:18
LH:16
BRDA:16,0,0,1
BRDA:16,0,1,0
BRDA:34,1,0,0
BRDA:34,1,1,42
BRF:4
BRH:2
end_of_record
TN:
SF:/Users/codeman/design/student_elective_system/app/service/major.js
FN:12,(anonymous_0)
FN:47,(anonymous_1)
FN:64,(anonymous_2)
FN:88,(anonymous_3)
FN:109,(anonymous_4)
FN:128,(anonymous_5)
FNF:6
FNH:2
FNDA:2,(anonymous_0)
FNDA:0,(anonymous_1)
FNDA:4,(anonymous_2)
FNDA:0,(anonymous_3)
FNDA:0,(anonymous_4)
FNDA:0,(anonymous_5)
DA:3,1
DA:6,1
DA:9,1
DA:19,2
DA:20,2
DA:21,2
DA:37,2
DA:39,0
DA:40,0
DA:43,0
DA:50,0
DA:51,0
DA:52,0
DA:54,0
DA:56,0
DA:57,0
DA:60,0
DA:67,4
DA:68,4
DA:69,4
DA:78,4
DA:80,0
DA:81,0
DA:84,0
DA:91,0
DA:92,0
DA:93,0
DA:99,0
DA:101,0
DA:102,0
DA:105,0
DA:112,0
DA:113,0
DA:114,0
DA:118,0
DA:120,0
DA:121,0
DA:124,0
DA:131,0
DA:132,0
DA:133,0
DA:139,0
DA:141,0
DA:142,0
DA:145,0
DA:150,1
LF:46
LH:12
BRDA:12,0,0,0
BRDA:13,1,0,0
BRDA:14,2,0,0
BRDA:15,3,0,1
BRDA:22,4,0,1
BRDA:22,4,1,1
BRDA:32,5,0,2
BRDA:32,5,1,2
BRF:8
BRH:5
end_of_record
TN:
SF:/Users/codeman/design/student_elective_system/app/service/student.js
FN:12,(anonymous_0)
FN:50,(anonymous_1)
FN:67,(anonymous_2)
FN:91,(anonymous_3)
FN:110,(anonymous_4)
FNF:5
FNH:2
FNDA:2,(anonymous_0)
FNDA:0,(anonymous_1)
FNDA:4,(anonymous_2)
FNDA:0,(anonymous_3)
FNDA:0,(anonymous_4)
DA:3,1
DA:6,1
DA:9,1
DA:19,2
DA:20,2
DA:21,2
DA:40,2
DA:42,0
DA:43,0
DA:46,0
DA:53,0
DA:54,0
DA:55,0
DA:57,0
DA:59,0
DA:60,0
DA:63,0
DA:70,4
DA:71,4
DA:72,4
DA:81,4
DA:83,0
DA:84,0
DA:87,0
DA:94,0
DA:95,0
DA:96,0
DA:100,0
DA:102,0
DA:103,0
DA:106,0
DA:113,0
DA:114,0
DA:115,0
DA:121,0
DA:123,0
DA:124,0
DA:127,0
DA:132,1
LF:39
LH:12
BRDA:12,0,0,0
BRDA:13,1,0,0
BRDA:14,2,0,0
BRDA:15,3,0,1
BRDA:22,4,0,1
BRDA:22,4,1,1
BRDA:35,5,0,2
BRDA:35,5,1,2
BRF:8
BRH:5
end_of_record
TN:
SF:/Users/codeman/design/student_elective_system/app/service/studentCourse.js
FN:12,(anonymous_0)
FN:90,(anonymous_1)
FN:107,(anonymous_2)
FN:129,(anonymous_3)
FN:150,(anonymous_4)
FN:171,(anonymous_5)
FN:190,(anonymous_6)
FN:207,(anonymous_7)
FN:226,(anonymous_8)
FNF:9
FNH:3
FNDA:2,(anonymous_0)
FNDA:1,(anonymous_1)
FNDA:1,(anonymous_2)
FNDA:0,(anonymous_3)
FNDA:0,(anonymous_4)
FNDA:0,(anonymous_5)
FNDA:0,(anonymous_6)
FNDA:0,(anonymous_7)
FNDA:0,(anonymous_8)
DA:3,1
DA:6,1
DA:9,1
DA:24,2
DA:25,2
DA:26,2
DA:80,2
DA:82,0
DA:83,0
DA:86,0
DA:93,1
DA:94,1
DA:95,1
DA:97,1
DA:99,0
DA:100,0
DA:103,0
DA:110,1
DA:111,1
DA:112,1
DA:119,1
DA:121,0
DA:122,0
DA:125,0
DA:132,0
DA:133,0
DA:134,0
DA:140,0
DA:142,0
DA:143,0
DA:146,0
DA:153,0
DA:154,0
DA:155,0
DA:161,0
DA:163,0
DA:164,0
DA:167,0
DA:174,0
DA:175,0
DA:176,0
DA:180,0
DA:182,0
DA:183,0
DA:186,0
DA:193,0
DA:194,0
DA:195,0
DA:197,0
DA:199,0
DA:200,0
DA:203,0
DA:210,0
DA:211,0
DA:212,0
DA:216,0
DA:218,0
DA:219,0
DA:222,0
DA:229,0
DA:230,0
DA:231,0
DA:237,0
DA:239,0
DA:240,0
DA:243,0
DA:248,1
LF:67
LH:16
BRDA:12,0,0,0
BRDA:13,1,0,0
BRDA:14,2,0,0
BRDA:15,3,0,1
BRDA:16,4,0,1
BRDA:17,5,0,1
BRDA:18,6,0,1
BRDA:19,7,0,0
BRDA:20,8,0,1
BRDA:27,9,0,1
BRDA:27,9,1,1
BRDA:34,10,0,2
BRDA:34,10,1,2
BRDA:53,11,0,2
BRDA:53,11,1,2
BRDA:63,12,0,2
BRDA:63,12,1,2
BRDA:70,13,0,2
BRDA:70,13,1,2
BRF:19
BRH:15
end_of_record
TN:
SF:/Users/codeman/design/student_elective_system/app/service/teacher.js
FN:12,(anonymous_0)
FN:47,(anonymous_1)
FN:64,(anonymous_2)
FN:85,(anonymous_3)
FN:104,(anonymous_4)
FNF:5
FNH:2
FNDA:2,(anonymous_0)
FNDA:0,(anonymous_1)
FNDA:4,(anonymous_2)
FNDA:0,(anonymous_3)
FNDA:0,(anonymous_4)
DA:3,1
DA:6,1
DA:9,1
DA:19,2
DA:20,2
DA:21,2
DA:37,2
DA:39,0
DA:40,0
DA:43,0
DA:50,0
DA:51,0
DA:52,0
DA:54,0
DA:56,0
DA:57,0
DA:60,0
DA:67,4
DA:68,4
DA:69,4
DA:75,4
DA:77,0
DA:78,0
DA:81,0
DA:88,0
DA:89,0
DA:90,0
DA:94,0
DA:96,0
DA:97,0
DA:100,0
DA:107,0
DA:108,0
DA:109,0
DA:110,0
DA:116,0
DA:118,0
DA:119,0
DA:122,0
DA:127,1
LF:40
LH:12
BRDA:12,0,0,0
BRDA:13,1,0,0
BRDA:14,2,0,0
BRDA:15,3,0,1
BRDA:22,4,0,1
BRDA:22,4,1,1
BRDA:32,5,0,2
BRDA:32,5,1,2
BRF:8
BRH:5
end_of_record
TN:
SF:/Users/codeman/design/student_elective_system/app/utils/rule.js
FNF:0
FNH:0
DA:3,1
LF:1
LH:1
BRF:0
BRH:0
end_of_record
TN:
SF:/Users/codeman/design/student_elective_system/app/utils/status.js
FNF:0
FNH:0
DA:3,1
LF:1
LH:1
BRF:0
BRH:0
end_of_record
TN:
SF:/Users/codeman/design/student_elective_system/config/config.default.js
FN:5,(anonymous_0)
FNF:1
FNH:1
FNDA:4,(anonymous_0)
DA:3,1
DA:5,1
DA:6,4
DA:9,4
DA:13,4
DA:15,4
DA:20,4
DA:41,4
DA:52,4
DA:58,4
DA:63,4
DA:69,4
DA:85,4
DA:87,4
LF:14
LH:14
BRF:0
BRH:0
end_of_record
TN:
SF:/Users/codeman/design/student_elective_system/config/plugin.js
FNF:0
FNH:0
DA:5,1
DA:9,1
DA:13,1
DA:17,1
DA:21,1
DA:25,1
LF:6
LH:6
BRF:0
BRH:0
end_of_record
